mode: set
changkun.de/wallfacer/internal/handler/admin.go:16.72,18.16 2 1
changkun.de/wallfacer/internal/handler/admin.go:18.16,21.3 2 0
changkun.de/wallfacer/internal/handler/admin.go:22.2,23.71 2 1
changkun.de/wallfacer/internal/handler/config.go:22.46,28.82 2 1
changkun.de/wallfacer/internal/handler/config.go:28.82,30.18 2 1
changkun.de/wallfacer/internal/handler/config.go:30.18,32.5 1 0
changkun.de/wallfacer/internal/handler/config.go:33.4,34.18 2 1
changkun.de/wallfacer/internal/handler/config.go:34.18,36.5 1 0
changkun.de/wallfacer/internal/handler/config.go:37.4,37.23 1 1
changkun.de/wallfacer/internal/handler/config.go:37.23,39.5 1 0
changkun.de/wallfacer/internal/handler/config.go:40.4,40.28 1 1
changkun.de/wallfacer/internal/handler/config.go:40.28,41.26 1 1
changkun.de/wallfacer/internal/handler/config.go:41.26,43.6 1 1
changkun.de/wallfacer/internal/handler/config.go:45.4,45.89 1 0
changkun.de/wallfacer/internal/handler/config.go:49.62,52.33 3 1
changkun.de/wallfacer/internal/handler/config.go:52.33,54.37 2 1
changkun.de/wallfacer/internal/handler/config.go:54.37,56.4 1 0
changkun.de/wallfacer/internal/handler/config.go:57.3,58.38 2 1
changkun.de/wallfacer/internal/handler/config.go:62.2,65.30 3 1
changkun.de/wallfacer/internal/handler/config.go:65.30,67.3 1 0
changkun.de/wallfacer/internal/handler/config.go:68.2,68.44 1 1
changkun.de/wallfacer/internal/handler/config.go:68.44,70.3 1 0
changkun.de/wallfacer/internal/handler/config.go:71.2,71.18 1 1
changkun.de/wallfacer/internal/handler/config.go:74.56,75.30 1 1
changkun.de/wallfacer/internal/handler/config.go:75.30,77.3 1 1
changkun.de/wallfacer/internal/handler/config.go:78.2,78.28 1 1
changkun.de/wallfacer/internal/handler/config.go:78.28,80.3 1 1
changkun.de/wallfacer/internal/handler/config.go:81.2,81.33 1 1
changkun.de/wallfacer/internal/handler/config.go:81.33,83.3 1 1
changkun.de/wallfacer/internal/handler/config.go:84.2,84.23 1 1
changkun.de/wallfacer/internal/handler/config.go:87.98,92.25 5 1
changkun.de/wallfacer/internal/handler/config.go:92.25,94.3 1 1
changkun.de/wallfacer/internal/handler/config.go:94.8,94.47 1 1
changkun.de/wallfacer/internal/handler/config.go:94.47,96.3 1 1
changkun.de/wallfacer/internal/handler/config.go:97.2,98.47 2 1
changkun.de/wallfacer/internal/handler/config.go:98.47,100.3 1 1
changkun.de/wallfacer/internal/handler/config.go:101.2,102.25 2 1
changkun.de/wallfacer/internal/handler/config.go:102.25,104.3 1 1
changkun.de/wallfacer/internal/handler/config.go:105.2,107.36 3 1
changkun.de/wallfacer/internal/handler/config.go:107.36,108.37 1 1
changkun.de/wallfacer/internal/handler/config.go:108.37,110.4 1 1
changkun.de/wallfacer/internal/handler/config.go:113.2,140.55 2 1
changkun.de/wallfacer/internal/handler/config.go:140.55,142.3 1 0
changkun.de/wallfacer/internal/handler/config.go:143.2,143.16 1 1
changkun.de/wallfacer/internal/handler/config.go:143.16,145.3 1 1
changkun.de/wallfacer/internal/handler/config.go:147.2,153.33 4 1
changkun.de/wallfacer/internal/handler/config.go:153.33,156.19 3 1
changkun.de/wallfacer/internal/handler/config.go:156.19,158.4 1 1
changkun.de/wallfacer/internal/handler/config.go:161.2,167.13 7 1
changkun.de/wallfacer/internal/handler/config.go:171.61,173.21 2 1
changkun.de/wallfacer/internal/handler/config.go:173.21,175.3 1 0
changkun.de/wallfacer/internal/handler/config.go:176.2,177.16 2 1
changkun.de/wallfacer/internal/handler/config.go:177.16,179.3 1 0
changkun.de/wallfacer/internal/handler/config.go:180.2,180.26 1 1
changkun.de/wallfacer/internal/handler/config.go:180.26,181.82 1 0
changkun.de/wallfacer/internal/handler/config.go:181.82,183.4 1 0
changkun.de/wallfacer/internal/handler/config.go:185.2,185.14 1 1
changkun.de/wallfacer/internal/handler/config.go:189.69,191.21 2 1
changkun.de/wallfacer/internal/handler/config.go:191.21,192.60 1 1
changkun.de/wallfacer/internal/handler/config.go:192.60,194.4 1 1
changkun.de/wallfacer/internal/handler/config.go:196.2,196.70 1 1
changkun.de/wallfacer/internal/handler/config.go:200.72,212.33 2 1
changkun.de/wallfacer/internal/handler/config.go:212.33,214.3 1 1
changkun.de/wallfacer/internal/handler/config.go:215.2,215.32 1 1
changkun.de/wallfacer/internal/handler/config.go:215.32,216.80 1 1
changkun.de/wallfacer/internal/handler/config.go:216.80,219.4 2 0
changkun.de/wallfacer/internal/handler/config.go:221.2,221.109 1 1
changkun.de/wallfacer/internal/handler/config.go:221.109,222.20 1 1
changkun.de/wallfacer/internal/handler/config.go:222.20,224.4 1 1
changkun.de/wallfacer/internal/handler/config.go:225.3,226.16 2 1
changkun.de/wallfacer/internal/handler/config.go:226.16,228.4 1 1
changkun.de/wallfacer/internal/handler/config.go:230.2,237.25 6 1
changkun.de/wallfacer/internal/handler/config.go:237.25,239.22 2 0
changkun.de/wallfacer/internal/handler/config.go:239.22,241.21 2 0
changkun.de/wallfacer/internal/handler/config.go:241.21,243.5 1 0
changkun.de/wallfacer/internal/handler/config.go:244.4,244.64 1 0
changkun.de/wallfacer/internal/handler/config.go:247.2,247.33 1 1
changkun.de/wallfacer/internal/handler/config.go:247.33,249.15 2 1
changkun.de/wallfacer/internal/handler/config.go:249.15,251.4 1 1
changkun.de/wallfacer/internal/handler/config.go:252.3,254.26 2 1
changkun.de/wallfacer/internal/handler/config.go:254.26,256.4 1 1
changkun.de/wallfacer/internal/handler/config.go:258.2,258.25 1 1
changkun.de/wallfacer/internal/handler/config.go:258.25,260.20 2 0
changkun.de/wallfacer/internal/handler/config.go:260.20,264.4 1 0
changkun.de/wallfacer/internal/handler/config.go:266.2,278.55 2 1
changkun.de/wallfacer/internal/handler/config.go:278.55,280.3 1 0
changkun.de/wallfacer/internal/handler/config.go:281.2,281.35 1 1
changkun.de/wallfacer/internal/handler/containers.go:9.73,11.16 2 1
changkun.de/wallfacer/internal/handler/containers.go:11.16,14.3 2 1
changkun.de/wallfacer/internal/handler/containers.go:18.2,18.25 1 1
changkun.de/wallfacer/internal/handler/containers.go:18.25,20.21 2 0
changkun.de/wallfacer/internal/handler/containers.go:20.21,22.28 2 0
changkun.de/wallfacer/internal/handler/containers.go:22.28,23.22 1 0
changkun.de/wallfacer/internal/handler/containers.go:23.22,25.6 1 0
changkun.de/wallfacer/internal/handler/containers.go:25.11,25.30 1 0
changkun.de/wallfacer/internal/handler/containers.go:25.30,29.21 2 0
changkun.de/wallfacer/internal/handler/containers.go:29.21,31.7 1 0
changkun.de/wallfacer/internal/handler/containers.go:32.6,32.34 1 0
changkun.de/wallfacer/internal/handler/containers.go:35.4,35.33 1 0
changkun.de/wallfacer/internal/handler/containers.go:35.33,36.45 1 0
changkun.de/wallfacer/internal/handler/containers.go:36.45,38.6 1 0
changkun.de/wallfacer/internal/handler/containers.go:43.2,43.41 1 1
changkun.de/wallfacer/internal/handler/debug.go:85.38,87.13 2 1
changkun.de/wallfacer/internal/handler/debug.go:87.13,89.3 1 0
changkun.de/wallfacer/internal/handler/debug.go:90.2,90.14 1 1
changkun.de/wallfacer/internal/handler/debug.go:90.14,92.3 1 0
changkun.de/wallfacer/internal/handler/debug.go:93.2,93.12 1 1
changkun.de/wallfacer/internal/handler/debug.go:106.73,108.16 2 1
changkun.de/wallfacer/internal/handler/debug.go:108.16,111.3 2 0
changkun.de/wallfacer/internal/handler/debug.go:112.2,118.4 3 1
changkun.de/wallfacer/internal/handler/debug.go:124.91,126.31 2 1
changkun.de/wallfacer/internal/handler/debug.go:126.31,129.3 2 1
changkun.de/wallfacer/internal/handler/debug.go:130.2,131.16 2 1
changkun.de/wallfacer/internal/handler/debug.go:131.16,134.3 2 0
changkun.de/wallfacer/internal/handler/debug.go:135.2,141.4 3 1
changkun.de/wallfacer/internal/handler/debug.go:147.72,151.73 3 1
changkun.de/wallfacer/internal/handler/debug.go:151.73,154.3 2 0
changkun.de/wallfacer/internal/handler/debug.go:156.2,166.26 8 1
changkun.de/wallfacer/internal/handler/debug.go:166.26,168.17 2 1
changkun.de/wallfacer/internal/handler/debug.go:168.17,169.12 1 0
changkun.de/wallfacer/internal/handler/debug.go:171.3,172.28 2 1
changkun.de/wallfacer/internal/handler/debug.go:172.28,175.4 2 1
changkun.de/wallfacer/internal/handler/debug.go:177.3,177.19 1 1
changkun.de/wallfacer/internal/handler/debug.go:178.29,182.22 4 1
changkun.de/wallfacer/internal/handler/debug.go:182.22,183.45 1 1
changkun.de/wallfacer/internal/handler/debug.go:183.45,185.6 1 1
changkun.de/wallfacer/internal/handler/debug.go:185.11,187.6 1 0
changkun.de/wallfacer/internal/handler/debug.go:188.5,189.27 2 1
changkun.de/wallfacer/internal/handler/debug.go:191.4,191.17 1 1
changkun.de/wallfacer/internal/handler/debug.go:191.17,193.5 1 1
changkun.de/wallfacer/internal/handler/debug.go:194.31,195.17 1 1
changkun.de/wallfacer/internal/handler/debug.go:200.2,202.36 3 1
changkun.de/wallfacer/internal/handler/debug.go:202.36,206.35 4 1
changkun.de/wallfacer/internal/handler/debug.go:206.35,208.4 1 1
changkun.de/wallfacer/internal/handler/debug.go:209.3,209.30 1 1
changkun.de/wallfacer/internal/handler/debug.go:213.2,214.54 2 1
changkun.de/wallfacer/internal/handler/debug.go:214.54,216.3 1 1
changkun.de/wallfacer/internal/handler/debug.go:219.2,221.26 3 1
changkun.de/wallfacer/internal/handler/debug.go:221.26,225.3 3 1
changkun.de/wallfacer/internal/handler/debug.go:227.2,228.35 2 1
changkun.de/wallfacer/internal/handler/debug.go:228.35,229.38 1 1
changkun.de/wallfacer/internal/handler/debug.go:229.38,229.62 1 1
changkun.de/wallfacer/internal/handler/debug.go:230.3,232.24 3 1
changkun.de/wallfacer/internal/handler/debug.go:232.24,234.4 1 1
changkun.de/wallfacer/internal/handler/debug.go:235.3,243.4 1 1
changkun.de/wallfacer/internal/handler/debug.go:246.2,262.35 4 1
changkun.de/wallfacer/internal/handler/debug.go:270.66,274.26 3 1
changkun.de/wallfacer/internal/handler/debug.go:274.26,276.3 1 1
changkun.de/wallfacer/internal/handler/debug.go:279.2,281.31 3 1
changkun.de/wallfacer/internal/handler/debug.go:281.31,282.27 1 0
changkun.de/wallfacer/internal/handler/debug.go:282.27,288.4 1 0
changkun.de/wallfacer/internal/handler/debug.go:291.2,300.35 2 1
changkun.de/wallfacer/internal/handler/diffcache.go:32.32,37.2 1 1
changkun.de/wallfacer/internal/handler/diffcache.go:41.62,45.9 4 1
changkun.de/wallfacer/internal/handler/diffcache.go:45.9,47.3 1 1
changkun.de/wallfacer/internal/handler/diffcache.go:48.2,48.56 1 1
changkun.de/wallfacer/internal/handler/diffcache.go:48.56,51.3 2 1
changkun.de/wallfacer/internal/handler/diffcache.go:52.2,52.20 1 1
changkun.de/wallfacer/internal/handler/diffcache.go:56.61,60.2 3 1
changkun.de/wallfacer/internal/handler/diffcache.go:63.46,67.2 3 1
changkun.de/wallfacer/internal/handler/diffcache.go:70.38,73.2 2 1
changkun.de/wallfacer/internal/handler/env.go:27.13,36.4 1 1
changkun.de/wallfacer/internal/handler/env.go:36.4,38.17 2 1
changkun.de/wallfacer/internal/handler/env.go:38.17,39.51 1 0
changkun.de/wallfacer/internal/handler/env.go:41.3,41.49 1 1
changkun.de/wallfacer/internal/handler/env.go:47.34,48.40 1 1
changkun.de/wallfacer/internal/handler/env.go:48.40,49.27 1 1
changkun.de/wallfacer/internal/handler/env.go:49.27,51.4 1 1
changkun.de/wallfacer/internal/handler/env.go:53.2,53.14 1 1
changkun.de/wallfacer/internal/handler/env.go:60.38,62.16 2 1
changkun.de/wallfacer/internal/handler/env.go:62.16,64.3 1 0
changkun.de/wallfacer/internal/handler/env.go:65.2,65.30 1 1
changkun.de/wallfacer/internal/handler/env.go:65.30,67.3 1 1
changkun.de/wallfacer/internal/handler/env.go:68.2,69.20 2 1
changkun.de/wallfacer/internal/handler/env.go:69.20,71.3 1 0
changkun.de/wallfacer/internal/handler/env.go:73.2,73.44 1 1
changkun.de/wallfacer/internal/handler/env.go:73.44,75.3 1 1
changkun.de/wallfacer/internal/handler/env.go:78.2,78.38 1 1
changkun.de/wallfacer/internal/handler/env.go:78.38,80.3 1 1
changkun.de/wallfacer/internal/handler/env.go:82.2,85.16 4 1
changkun.de/wallfacer/internal/handler/env.go:85.16,87.3 1 0
changkun.de/wallfacer/internal/handler/env.go:88.2,88.29 1 1
changkun.de/wallfacer/internal/handler/env.go:88.29,89.27 1 1
changkun.de/wallfacer/internal/handler/env.go:89.27,91.4 1 0
changkun.de/wallfacer/internal/handler/env.go:93.2,93.12 1 1
changkun.de/wallfacer/internal/handler/env.go:151.72,153.16 2 1
changkun.de/wallfacer/internal/handler/env.go:153.16,156.3 2 0
changkun.de/wallfacer/internal/handler/env.go:157.2,158.22 2 1
changkun.de/wallfacer/internal/handler/env.go:158.22,160.3 1 1
changkun.de/wallfacer/internal/handler/env.go:161.2,162.26 2 1
changkun.de/wallfacer/internal/handler/env.go:162.26,164.3 1 1
changkun.de/wallfacer/internal/handler/env.go:165.2,166.28 2 1
changkun.de/wallfacer/internal/handler/env.go:166.28,168.3 1 1
changkun.de/wallfacer/internal/handler/env.go:169.2,170.31 2 1
changkun.de/wallfacer/internal/handler/env.go:170.31,172.3 1 1
changkun.de/wallfacer/internal/handler/env.go:173.2,174.26 2 1
changkun.de/wallfacer/internal/handler/env.go:174.26,176.3 1 1
changkun.de/wallfacer/internal/handler/env.go:177.2,200.4 1 1
changkun.de/wallfacer/internal/handler/env.go:205.71,207.16 2 1
changkun.de/wallfacer/internal/handler/env.go:207.16,210.3 2 0
changkun.de/wallfacer/internal/handler/env.go:211.2,211.45 1 1
changkun.de/wallfacer/internal/handler/env.go:211.45,214.3 2 1
changkun.de/wallfacer/internal/handler/env.go:216.2,227.47 4 1
changkun.de/wallfacer/internal/handler/env.go:227.47,230.3 2 1
changkun.de/wallfacer/internal/handler/env.go:231.2,231.37 1 1
changkun.de/wallfacer/internal/handler/env.go:238.71,240.33 2 1
changkun.de/wallfacer/internal/handler/env.go:240.33,242.3 1 0
changkun.de/wallfacer/internal/handler/env.go:244.2,245.24 2 1
changkun.de/wallfacer/internal/handler/env.go:245.24,246.29 1 1
changkun.de/wallfacer/internal/handler/env.go:246.29,249.4 2 1
changkun.de/wallfacer/internal/handler/env.go:250.3,250.20 1 1
changkun.de/wallfacer/internal/handler/env.go:254.2,254.52 1 1
changkun.de/wallfacer/internal/handler/env.go:254.52,256.3 1 0
changkun.de/wallfacer/internal/handler/env.go:257.2,257.44 1 1
changkun.de/wallfacer/internal/handler/env.go:257.44,259.3 1 0
changkun.de/wallfacer/internal/handler/env.go:260.2,260.56 1 1
changkun.de/wallfacer/internal/handler/env.go:260.56,262.3 1 0
changkun.de/wallfacer/internal/handler/env.go:265.2,265.46 1 1
changkun.de/wallfacer/internal/handler/env.go:265.46,266.55 1 1
changkun.de/wallfacer/internal/handler/env.go:266.55,269.4 2 1
changkun.de/wallfacer/internal/handler/env.go:271.2,271.58 1 1
changkun.de/wallfacer/internal/handler/env.go:271.58,272.61 1 0
changkun.de/wallfacer/internal/handler/env.go:272.61,275.4 2 0
changkun.de/wallfacer/internal/handler/env.go:278.2,279.16 2 1
changkun.de/wallfacer/internal/handler/env.go:279.16,282.3 2 0
changkun.de/wallfacer/internal/handler/env.go:283.2,286.24 3 1
changkun.de/wallfacer/internal/handler/env.go:286.24,288.3 1 1
changkun.de/wallfacer/internal/handler/env.go:290.2,291.63 2 1
changkun.de/wallfacer/internal/handler/env.go:291.63,293.3 1 0
changkun.de/wallfacer/internal/handler/env.go:295.2,300.16 2 1
changkun.de/wallfacer/internal/handler/env.go:300.16,303.3 2 0
changkun.de/wallfacer/internal/handler/env.go:304.2,304.99 1 1
changkun.de/wallfacer/internal/handler/env.go:304.99,307.3 2 0
changkun.de/wallfacer/internal/handler/env.go:308.2,308.82 1 1
changkun.de/wallfacer/internal/handler/env.go:308.82,311.3 2 0
changkun.de/wallfacer/internal/handler/env.go:313.2,325.16 4 1
changkun.de/wallfacer/internal/handler/env.go:325.16,328.3 2 0
changkun.de/wallfacer/internal/handler/env.go:334.2,334.83 1 1
changkun.de/wallfacer/internal/handler/env.go:334.83,335.99 1 0
changkun.de/wallfacer/internal/handler/env.go:335.99,338.4 2 0
changkun.de/wallfacer/internal/handler/env.go:339.3,341.17 3 0
changkun.de/wallfacer/internal/handler/env.go:341.17,344.4 2 0
changkun.de/wallfacer/internal/handler/env.go:347.2,353.27 2 1
changkun.de/wallfacer/internal/handler/env.go:353.27,355.3 1 1
changkun.de/wallfacer/internal/handler/env.go:356.2,356.31 1 1
changkun.de/wallfacer/internal/handler/env.go:356.31,358.3 1 1
changkun.de/wallfacer/internal/handler/env.go:360.2,363.35 3 1
changkun.de/wallfacer/internal/handler/env.go:366.77,368.16 2 1
changkun.de/wallfacer/internal/handler/env.go:368.16,370.3 1 0
changkun.de/wallfacer/internal/handler/env.go:371.2,373.21 2 1
changkun.de/wallfacer/internal/handler/env.go:373.21,375.40 2 1
changkun.de/wallfacer/internal/handler/env.go:375.40,377.4 1 0
changkun.de/wallfacer/internal/handler/env.go:378.3,378.17 1 1
changkun.de/wallfacer/internal/handler/env.go:378.17,379.49 1 1
changkun.de/wallfacer/internal/handler/env.go:379.49,381.5 1 0
changkun.de/wallfacer/internal/handler/env.go:385.2,396.17 1 1
changkun.de/wallfacer/internal/handler/env.go:396.17,398.3 1 0
changkun.de/wallfacer/internal/handler/env.go:399.2,403.16 1 1
changkun.de/wallfacer/internal/handler/env.go:403.16,405.3 1 0
changkun.de/wallfacer/internal/handler/env.go:407.2,407.29 1 1
changkun.de/wallfacer/internal/handler/env.go:410.68,411.25 1 1
changkun.de/wallfacer/internal/handler/env.go:411.25,413.3 1 1
changkun.de/wallfacer/internal/handler/env.go:414.2,414.37 1 1
changkun.de/wallfacer/internal/handler/env.go:417.46,419.21 2 1
changkun.de/wallfacer/internal/handler/env.go:419.21,421.3 1 1
changkun.de/wallfacer/internal/handler/env.go:423.2,424.46 2 1
changkun.de/wallfacer/internal/handler/env.go:424.46,426.3 1 1
changkun.de/wallfacer/internal/handler/env.go:428.2,430.50 3 1
changkun.de/wallfacer/internal/handler/env.go:430.50,433.3 2 0
changkun.de/wallfacer/internal/handler/env.go:436.2,437.54 2 1
changkun.de/wallfacer/internal/handler/env.go:437.54,440.3 2 1
changkun.de/wallfacer/internal/handler/env.go:442.2,444.56 3 1
changkun.de/wallfacer/internal/handler/env.go:444.56,447.3 2 1
changkun.de/wallfacer/internal/handler/env.go:449.2,449.29 1 1
changkun.de/wallfacer/internal/handler/env.go:449.29,451.3 1 0
changkun.de/wallfacer/internal/handler/env.go:453.2,453.50 1 1
changkun.de/wallfacer/internal/handler/env.go:465.75,491.33 2 1
changkun.de/wallfacer/internal/handler/env.go:491.33,493.3 1 1
changkun.de/wallfacer/internal/handler/env.go:496.2,496.52 1 1
changkun.de/wallfacer/internal/handler/env.go:496.52,498.3 1 1
changkun.de/wallfacer/internal/handler/env.go:499.2,499.44 1 1
changkun.de/wallfacer/internal/handler/env.go:499.44,501.3 1 0
changkun.de/wallfacer/internal/handler/env.go:502.2,502.56 1 1
changkun.de/wallfacer/internal/handler/env.go:502.56,504.3 1 1
changkun.de/wallfacer/internal/handler/env.go:505.2,505.58 1 1
changkun.de/wallfacer/internal/handler/env.go:505.58,507.3 1 0
changkun.de/wallfacer/internal/handler/env.go:510.2,511.33 2 1
changkun.de/wallfacer/internal/handler/env.go:511.33,513.12 2 1
changkun.de/wallfacer/internal/handler/env.go:513.12,515.4 1 1
changkun.de/wallfacer/internal/handler/env.go:516.3,517.19 2 1
changkun.de/wallfacer/internal/handler/env.go:521.2,522.37 2 1
changkun.de/wallfacer/internal/handler/env.go:522.37,524.12 2 1
changkun.de/wallfacer/internal/handler/env.go:524.12,526.4 1 1
changkun.de/wallfacer/internal/handler/env.go:527.3,528.23 2 1
changkun.de/wallfacer/internal/handler/env.go:533.2,534.34 2 1
changkun.de/wallfacer/internal/handler/env.go:534.34,536.12 2 1
changkun.de/wallfacer/internal/handler/env.go:536.12,538.4 1 1
changkun.de/wallfacer/internal/handler/env.go:539.3,539.14 1 1
changkun.de/wallfacer/internal/handler/env.go:539.14,541.4 1 1
changkun.de/wallfacer/internal/handler/env.go:542.3,543.25 2 1
changkun.de/wallfacer/internal/handler/env.go:545.2,546.37 2 1
changkun.de/wallfacer/internal/handler/env.go:546.37,548.12 2 1
changkun.de/wallfacer/internal/handler/env.go:548.12,550.4 1 1
changkun.de/wallfacer/internal/handler/env.go:551.3,551.14 1 1
changkun.de/wallfacer/internal/handler/env.go:551.14,553.4 1 1
changkun.de/wallfacer/internal/handler/env.go:554.3,555.28 2 1
changkun.de/wallfacer/internal/handler/env.go:559.2,560.32 2 1
changkun.de/wallfacer/internal/handler/env.go:560.32,562.27 2 0
changkun.de/wallfacer/internal/handler/env.go:562.27,564.4 1 0
changkun.de/wallfacer/internal/handler/env.go:565.3,565.16 1 0
changkun.de/wallfacer/internal/handler/env.go:570.2,571.34 2 1
changkun.de/wallfacer/internal/handler/env.go:571.34,573.12 2 1
changkun.de/wallfacer/internal/handler/env.go:573.12,575.4 1 1
changkun.de/wallfacer/internal/handler/env.go:576.3,577.25 2 1
changkun.de/wallfacer/internal/handler/env.go:580.2,581.28 2 1
changkun.de/wallfacer/internal/handler/env.go:581.28,583.23 2 1
changkun.de/wallfacer/internal/handler/env.go:583.23,585.4 1 0
changkun.de/wallfacer/internal/handler/env.go:586.3,586.19 1 1
changkun.de/wallfacer/internal/handler/env.go:590.2,590.46 1 1
changkun.de/wallfacer/internal/handler/env.go:590.46,591.55 1 1
changkun.de/wallfacer/internal/handler/env.go:591.55,594.4 2 1
changkun.de/wallfacer/internal/handler/env.go:596.2,596.58 1 1
changkun.de/wallfacer/internal/handler/env.go:596.58,597.61 1 1
changkun.de/wallfacer/internal/handler/env.go:597.61,600.4 2 1
changkun.de/wallfacer/internal/handler/env.go:603.2,625.17 1 1
changkun.de/wallfacer/internal/handler/env.go:625.17,628.3 2 0
changkun.de/wallfacer/internal/handler/env.go:633.2,639.16 3 1
changkun.de/wallfacer/internal/handler/env.go:639.16,642.3 2 0
changkun.de/wallfacer/internal/handler/env.go:646.2,646.33 1 1
changkun.de/wallfacer/internal/handler/env.go:646.33,648.3 1 1
changkun.de/wallfacer/internal/handler/env.go:649.2,649.37 1 1
changkun.de/wallfacer/internal/handler/env.go:649.37,651.3 1 1
changkun.de/wallfacer/internal/handler/env.go:653.2,653.37 1 1
changkun.de/wallfacer/internal/handler/env.go:656.37,657.14 1 1
changkun.de/wallfacer/internal/handler/env.go:657.14,659.3 1 1
changkun.de/wallfacer/internal/handler/env.go:660.2,661.8 2 1
changkun.de/wallfacer/internal/handler/env.go:661.8,663.3 1 1
changkun.de/wallfacer/internal/handler/env.go:664.2,664.11 1 1
changkun.de/wallfacer/internal/handler/event_helpers.go:17.112,18.74 1 1
changkun.de/wallfacer/internal/handler/event_helpers.go:18.74,22.3 2 1
changkun.de/wallfacer/internal/handler/execute.go:20.61,21.34 1 1
changkun.de/wallfacer/internal/handler/execute.go:21.34,23.3 1 1
changkun.de/wallfacer/internal/handler/execute.go:25.2,26.22 2 1
changkun.de/wallfacer/internal/handler/execute.go:26.22,28.3 1 0
changkun.de/wallfacer/internal/handler/execute.go:29.2,29.12 1 1
changkun.de/wallfacer/internal/handler/execute.go:32.54,33.17 1 1
changkun.de/wallfacer/internal/handler/execute.go:33.17,35.3 1 0
changkun.de/wallfacer/internal/handler/execute.go:37.2,38.57 2 1
changkun.de/wallfacer/internal/handler/execute.go:38.57,39.25 1 1
changkun.de/wallfacer/internal/handler/execute.go:39.25,41.12 2 0
changkun.de/wallfacer/internal/handler/execute.go:43.3,43.50 1 1
changkun.de/wallfacer/internal/handler/execute.go:43.50,45.4 1 1
changkun.de/wallfacer/internal/handler/execute.go:47.2,47.16 1 1
changkun.de/wallfacer/internal/handler/execute.go:50.109,51.68 1 1
changkun.de/wallfacer/internal/handler/execute.go:51.68,53.3 1 1
changkun.de/wallfacer/internal/handler/execute.go:54.2,54.42 1 1
changkun.de/wallfacer/internal/handler/execute.go:54.42,56.3 1 1
changkun.de/wallfacer/internal/handler/execute.go:58.2,59.16 2 1
changkun.de/wallfacer/internal/handler/execute.go:59.16,61.3 1 0
changkun.de/wallfacer/internal/handler/execute.go:62.2,62.93 1 1
changkun.de/wallfacer/internal/handler/execute.go:62.93,64.3 1 0
changkun.de/wallfacer/internal/handler/execute.go:65.2,66.16 2 1
changkun.de/wallfacer/internal/handler/execute.go:66.16,68.3 1 0
changkun.de/wallfacer/internal/handler/execute.go:69.2,69.21 1 1
changkun.de/wallfacer/internal/handler/execute.go:77.38,77.54 1 1
changkun.de/wallfacer/internal/handler/execute.go:79.61,84.2 1 1
changkun.de/wallfacer/internal/handler/execute.go:87.88,91.33 2 1
changkun.de/wallfacer/internal/handler/execute.go:91.33,93.3 1 1
changkun.de/wallfacer/internal/handler/execute.go:94.2,94.42 1 1
changkun.de/wallfacer/internal/handler/execute.go:94.42,97.3 2 1
changkun.de/wallfacer/internal/handler/execute.go:99.2,100.16 2 1
changkun.de/wallfacer/internal/handler/execute.go:100.16,103.3 2 1
changkun.de/wallfacer/internal/handler/execute.go:104.2,104.44 1 1
changkun.de/wallfacer/internal/handler/execute.go:104.44,107.3 2 1
changkun.de/wallfacer/internal/handler/execute.go:110.2,110.78 1 1
changkun.de/wallfacer/internal/handler/execute.go:110.78,113.3 2 0
changkun.de/wallfacer/internal/handler/execute.go:119.2,120.121 2 1
changkun.de/wallfacer/internal/handler/execute.go:120.121,124.3 3 0
changkun.de/wallfacer/internal/handler/execute.go:125.2,127.69 2 1
changkun.de/wallfacer/internal/handler/execute.go:130.161,131.75 1 1
changkun.de/wallfacer/internal/handler/execute.go:131.75,133.3 1 0
changkun.de/wallfacer/internal/handler/execute.go:134.2,134.80 1 1
changkun.de/wallfacer/internal/handler/execute.go:134.80,136.3 1 0
changkun.de/wallfacer/internal/handler/execute.go:137.2,137.91 1 1
changkun.de/wallfacer/internal/handler/execute.go:137.91,139.3 1 0
changkun.de/wallfacer/internal/handler/execute.go:141.2,146.25 3 1
changkun.de/wallfacer/internal/handler/execute.go:146.25,150.3 1 1
changkun.de/wallfacer/internal/handler/execute.go:152.2,153.27 2 1
changkun.de/wallfacer/internal/handler/execute.go:153.27,155.3 1 1
changkun.de/wallfacer/internal/handler/execute.go:156.2,157.12 2 1
changkun.de/wallfacer/internal/handler/execute.go:160.120,161.12 1 1
changkun.de/wallfacer/internal/handler/execute.go:161.12,164.32 3 1
changkun.de/wallfacer/internal/handler/execute.go:164.32,166.18 2 1
changkun.de/wallfacer/internal/handler/execute.go:166.18,168.5 1 0
changkun.de/wallfacer/internal/handler/execute.go:169.4,169.63 1 1
changkun.de/wallfacer/internal/handler/execute.go:169.63,170.105 1 0
changkun.de/wallfacer/internal/handler/execute.go:170.105,177.6 3 0
changkun.de/wallfacer/internal/handler/execute.go:180.3,180.60 1 1
changkun.de/wallfacer/internal/handler/execute.go:180.60,181.53 1 1
changkun.de/wallfacer/internal/handler/execute.go:181.53,182.105 1 0
changkun.de/wallfacer/internal/handler/execute.go:182.105,188.38 3 0
changkun.de/wallfacer/internal/handler/execute.go:188.38,190.7 1 0
changkun.de/wallfacer/internal/handler/execute.go:191.6,191.12 1 0
changkun.de/wallfacer/internal/handler/execute.go:194.4,194.102 1 1
changkun.de/wallfacer/internal/handler/execute.go:194.102,196.5 1 0
changkun.de/wallfacer/internal/handler/execute.go:197.4,202.36 3 1
changkun.de/wallfacer/internal/handler/execute.go:202.36,204.5 1 1
changkun.de/wallfacer/internal/handler/execute.go:205.4,205.10 1 1
changkun.de/wallfacer/internal/handler/execute.go:207.3,207.99 1 1
changkun.de/wallfacer/internal/handler/execute.go:207.99,209.4 1 0
changkun.de/wallfacer/internal/handler/execute.go:210.3,211.93 1 1
changkun.de/wallfacer/internal/handler/execute.go:216.86,218.16 2 1
changkun.de/wallfacer/internal/handler/execute.go:218.16,221.3 2 1
changkun.de/wallfacer/internal/handler/execute.go:222.2,222.44 1 1
changkun.de/wallfacer/internal/handler/execute.go:222.44,225.3 2 1
changkun.de/wallfacer/internal/handler/execute.go:227.2,227.52 1 1
changkun.de/wallfacer/internal/handler/execute.go:227.52,229.17 2 1
changkun.de/wallfacer/internal/handler/execute.go:229.17,232.4 2 0
changkun.de/wallfacer/internal/handler/execute.go:233.3,233.62 1 1
changkun.de/wallfacer/internal/handler/execute.go:233.62,234.40 1 1
changkun.de/wallfacer/internal/handler/execute.go:234.40,237.5 2 1
changkun.de/wallfacer/internal/handler/execute.go:238.4,239.10 2 0
changkun.de/wallfacer/internal/handler/execute.go:244.3,244.100 1 1
changkun.de/wallfacer/internal/handler/execute.go:244.100,247.4 2 0
changkun.de/wallfacer/internal/handler/execute.go:248.3,250.83 2 1
changkun.de/wallfacer/internal/handler/execute.go:251.8,254.94 1 1
changkun.de/wallfacer/internal/handler/execute.go:254.94,257.4 2 0
changkun.de/wallfacer/internal/handler/execute.go:258.3,259.100 1 1
changkun.de/wallfacer/internal/handler/execute.go:262.2,262.64 1 1
changkun.de/wallfacer/internal/handler/execute.go:266.84,268.16 2 1
changkun.de/wallfacer/internal/handler/execute.go:268.16,271.3 2 1
changkun.de/wallfacer/internal/handler/execute.go:273.2,279.31 2 1
changkun.de/wallfacer/internal/handler/execute.go:279.31,282.3 2 1
changkun.de/wallfacer/internal/handler/execute.go:284.2,287.45 2 1
changkun.de/wallfacer/internal/handler/execute.go:287.45,289.3 1 0
changkun.de/wallfacer/internal/handler/execute.go:294.2,294.98 1 1
changkun.de/wallfacer/internal/handler/execute.go:294.98,297.3 2 0
changkun.de/wallfacer/internal/handler/execute.go:299.2,302.33 2 1
changkun.de/wallfacer/internal/handler/execute.go:302.33,304.3 1 0
changkun.de/wallfacer/internal/handler/execute.go:306.2,306.71 1 1
changkun.de/wallfacer/internal/handler/execute.go:310.84,315.41 2 1
changkun.de/wallfacer/internal/handler/execute.go:315.41,317.3 1 0
changkun.de/wallfacer/internal/handler/execute.go:319.2,320.16 2 1
changkun.de/wallfacer/internal/handler/execute.go:320.16,323.3 2 1
changkun.de/wallfacer/internal/handler/execute.go:324.2,324.43 1 1
changkun.de/wallfacer/internal/handler/execute.go:324.43,327.3 2 1
changkun.de/wallfacer/internal/handler/execute.go:328.2,328.52 1 1
changkun.de/wallfacer/internal/handler/execute.go:328.52,331.3 2 1
changkun.de/wallfacer/internal/handler/execute.go:338.2,339.73 2 1
changkun.de/wallfacer/internal/handler/execute.go:339.73,343.3 3 0
changkun.de/wallfacer/internal/handler/execute.go:344.2,351.69 4 1
changkun.de/wallfacer/internal/handler/execute.go:355.74,357.16 2 1
changkun.de/wallfacer/internal/handler/execute.go:357.16,360.3 2 0
changkun.de/wallfacer/internal/handler/execute.go:361.2,361.30 1 1
changkun.de/wallfacer/internal/handler/execute.go:361.30,366.3 1 1
changkun.de/wallfacer/internal/handler/execute.go:367.2,367.72 1 1
changkun.de/wallfacer/internal/handler/execute.go:371.85,373.16 2 1
changkun.de/wallfacer/internal/handler/execute.go:373.16,376.3 2 1
changkun.de/wallfacer/internal/handler/execute.go:377.2,377.85 1 1
changkun.de/wallfacer/internal/handler/execute.go:377.85,380.3 2 1
changkun.de/wallfacer/internal/handler/execute.go:381.2,381.71 1 1
changkun.de/wallfacer/internal/handler/execute.go:381.71,384.3 2 0
changkun.de/wallfacer/internal/handler/execute.go:385.2,389.70 2 1
changkun.de/wallfacer/internal/handler/execute.go:393.87,394.60 1 1
changkun.de/wallfacer/internal/handler/execute.go:394.60,397.3 2 1
changkun.de/wallfacer/internal/handler/execute.go:398.2,398.72 1 1
changkun.de/wallfacer/internal/handler/execute.go:398.72,401.3 2 0
changkun.de/wallfacer/internal/handler/execute.go:402.2,406.72 2 1
changkun.de/wallfacer/internal/handler/execute.go:413.82,418.41 2 1
changkun.de/wallfacer/internal/handler/execute.go:418.41,420.3 1 0
changkun.de/wallfacer/internal/handler/execute.go:422.2,423.16 2 1
changkun.de/wallfacer/internal/handler/execute.go:423.16,426.3 2 0
changkun.de/wallfacer/internal/handler/execute.go:427.2,427.44 1 1
changkun.de/wallfacer/internal/handler/execute.go:427.44,430.3 2 1
changkun.de/wallfacer/internal/handler/execute.go:434.2,435.24 2 1
changkun.de/wallfacer/internal/handler/execute.go:435.24,437.3 1 0
changkun.de/wallfacer/internal/handler/execute.go:441.2,446.77 3 1
changkun.de/wallfacer/internal/handler/execute.go:446.77,449.3 2 0
changkun.de/wallfacer/internal/handler/execute.go:452.2,452.94 1 1
changkun.de/wallfacer/internal/handler/execute.go:452.94,455.3 2 0
changkun.de/wallfacer/internal/handler/execute.go:456.2,466.69 4 1
changkun.de/wallfacer/internal/handler/execute.go:472.80,479.2 1 1
changkun.de/wallfacer/internal/handler/execute.go:489.67,490.29 1 1
changkun.de/wallfacer/internal/handler/execute.go:490.29,492.3 1 1
changkun.de/wallfacer/internal/handler/execute.go:493.2,494.52 2 1
changkun.de/wallfacer/internal/handler/execute.go:494.52,495.35 1 1
changkun.de/wallfacer/internal/handler/execute.go:495.35,496.12 1 0
changkun.de/wallfacer/internal/handler/execute.go:498.3,499.17 2 1
changkun.de/wallfacer/internal/handler/execute.go:499.17,500.12 1 0
changkun.de/wallfacer/internal/handler/execute.go:502.3,503.61 2 1
changkun.de/wallfacer/internal/handler/execute.go:503.61,504.12 1 1
changkun.de/wallfacer/internal/handler/execute.go:506.3,507.29 2 0
changkun.de/wallfacer/internal/handler/execute.go:507.29,509.4 1 0
changkun.de/wallfacer/internal/handler/execute.go:510.3,510.30 1 0
changkun.de/wallfacer/internal/handler/execute.go:512.2,513.34 2 1
changkun.de/wallfacer/internal/handler/execute.go:513.34,515.3 1 0
changkun.de/wallfacer/internal/handler/execute.go:516.2,516.17 1 1
changkun.de/wallfacer/internal/handler/execute.go:520.82,522.16 2 1
changkun.de/wallfacer/internal/handler/execute.go:522.16,525.3 2 1
changkun.de/wallfacer/internal/handler/execute.go:526.2,526.85 1 1
changkun.de/wallfacer/internal/handler/execute.go:526.85,529.3 2 1
changkun.de/wallfacer/internal/handler/execute.go:530.2,530.34 1 1
changkun.de/wallfacer/internal/handler/execute.go:530.34,533.3 2 1
changkun.de/wallfacer/internal/handler/execute.go:535.2,543.99 3 1
changkun.de/wallfacer/internal/handler/execute.go:543.99,547.3 3 0
changkun.de/wallfacer/internal/handler/execute.go:548.2,553.27 4 1
changkun.de/wallfacer/internal/handler/execute.go:553.27,555.3 1 0
changkun.de/wallfacer/internal/handler/execute.go:556.2,557.68 2 1
changkun.de/wallfacer/internal/handler/execute.go:557.68,559.3 1 1
changkun.de/wallfacer/internal/handler/execute.go:560.2,560.69 1 1
changkun.de/wallfacer/internal/handler/file_index.go:39.32,48.2 3 1
changkun.de/wallfacer/internal/handler/file_index.go:51.51,53.16 2 1
changkun.de/wallfacer/internal/handler/file_index.go:53.16,55.3 1 0
changkun.de/wallfacer/internal/handler/file_index.go:56.2,56.28 1 1
changkun.de/wallfacer/internal/handler/file_index.go:63.50,67.77 4 1
changkun.de/wallfacer/internal/handler/file_index.go:67.77,68.17 1 1
changkun.de/wallfacer/internal/handler/file_index.go:68.17,70.4 1 0
changkun.de/wallfacer/internal/handler/file_index.go:71.3,71.19 1 1
changkun.de/wallfacer/internal/handler/file_index.go:71.19,73.54 2 1
changkun.de/wallfacer/internal/handler/file_index.go:73.54,75.5 1 1
changkun.de/wallfacer/internal/handler/file_index.go:76.4,76.14 1 1
changkun.de/wallfacer/internal/handler/file_index.go:78.3,78.36 1 1
changkun.de/wallfacer/internal/handler/file_index.go:78.36,80.4 1 0
changkun.de/wallfacer/internal/handler/file_index.go:81.3,82.20 2 1
changkun.de/wallfacer/internal/handler/file_index.go:82.20,84.4 1 0
changkun.de/wallfacer/internal/handler/file_index.go:85.3,86.13 2 1
changkun.de/wallfacer/internal/handler/file_index.go:88.2,88.21 1 1
changkun.de/wallfacer/internal/handler/file_index.go:95.49,101.8 4 1
changkun.de/wallfacer/internal/handler/file_index.go:101.8,106.12 3 1
changkun.de/wallfacer/internal/handler/file_index.go:106.12,108.4 1 1
changkun.de/wallfacer/internal/handler/file_index.go:110.3,111.21 2 1
changkun.de/wallfacer/internal/handler/file_index.go:115.2,117.43 3 1
changkun.de/wallfacer/internal/handler/file_index.go:117.43,123.3 1 1
changkun.de/wallfacer/internal/handler/file_index.go:123.8,126.3 1 0
changkun.de/wallfacer/internal/handler/file_index.go:127.2,128.14 2 1
changkun.de/wallfacer/internal/handler/file_index.go:133.49,135.24 2 1
changkun.de/wallfacer/internal/handler/file_index.go:135.24,138.3 2 1
changkun.de/wallfacer/internal/handler/file_index.go:139.2,142.12 3 1
changkun.de/wallfacer/internal/handler/file_index.go:142.12,152.3 5 1
changkun.de/wallfacer/internal/handler/files.go:30.68,34.32 3 1
changkun.de/wallfacer/internal/handler/files.go:34.32,35.36 1 1
changkun.de/wallfacer/internal/handler/files.go:35.36,36.9 1 0
changkun.de/wallfacer/internal/handler/files.go:38.3,40.31 3 1
changkun.de/wallfacer/internal/handler/files.go:40.31,42.4 1 1
changkun.de/wallfacer/internal/handler/files.go:43.3,43.36 1 1
changkun.de/wallfacer/internal/handler/files.go:46.2,46.61 1 1
changkun.de/wallfacer/internal/handler/git.go:36.81,40.32 4 1
changkun.de/wallfacer/internal/handler/git.go:40.32,42.33 2 1
changkun.de/wallfacer/internal/handler/git.go:42.33,45.17 3 1
changkun.de/wallfacer/internal/handler/git.go:45.17,45.26 1 1
changkun.de/wallfacer/internal/handler/git.go:46.4,46.48 1 1
changkun.de/wallfacer/internal/handler/git.go:49.2,50.16 2 1
changkun.de/wallfacer/internal/handler/git.go:53.58,60.2 1 1
changkun.de/wallfacer/internal/handler/git.go:62.74,64.31 2 1
changkun.de/wallfacer/internal/handler/git.go:64.31,66.3 1 1
changkun.de/wallfacer/internal/handler/git.go:67.2,67.43 1 1
changkun.de/wallfacer/internal/handler/git.go:67.43,69.3 1 1
changkun.de/wallfacer/internal/handler/git.go:70.2,70.49 1 1
changkun.de/wallfacer/internal/handler/git.go:70.49,72.3 1 1
changkun.de/wallfacer/internal/handler/git.go:73.2,73.13 1 0
changkun.de/wallfacer/internal/handler/git.go:76.133,78.58 2 1
changkun.de/wallfacer/internal/handler/git.go:78.58,80.17 2 1
changkun.de/wallfacer/internal/handler/git.go:80.17,82.4 1 0
changkun.de/wallfacer/internal/handler/git.go:83.3,83.30 1 1
changkun.de/wallfacer/internal/handler/git.go:83.30,84.53 1 1
changkun.de/wallfacer/internal/handler/git.go:84.53,85.13 1 1
changkun.de/wallfacer/internal/handler/git.go:87.4,91.6 1 1
changkun.de/wallfacer/internal/handler/git.go:94.2,94.22 1 1
changkun.de/wallfacer/internal/handler/git.go:97.123,99.21 2 1
changkun.de/wallfacer/internal/handler/git.go:99.21,102.3 2 0
changkun.de/wallfacer/internal/handler/git.go:103.2,104.16 2 1
changkun.de/wallfacer/internal/handler/git.go:104.16,107.3 2 0
changkun.de/wallfacer/internal/handler/git.go:108.2,108.24 1 1
changkun.de/wallfacer/internal/handler/git.go:108.24,110.3 1 1
changkun.de/wallfacer/internal/handler/git.go:111.2,116.13 2 1
changkun.de/wallfacer/internal/handler/git.go:120.69,122.2 1 1
changkun.de/wallfacer/internal/handler/git.go:125.75,127.9 2 1
changkun.de/wallfacer/internal/handler/git.go:127.9,130.3 2 1
changkun.de/wallfacer/internal/handler/git.go:132.2,136.49 4 1
changkun.de/wallfacer/internal/handler/git.go:136.49,138.3 1 1
changkun.de/wallfacer/internal/handler/git.go:140.2,140.59 1 1
changkun.de/wallfacer/internal/handler/git.go:140.59,142.17 2 1
changkun.de/wallfacer/internal/handler/git.go:142.17,144.4 1 0
changkun.de/wallfacer/internal/handler/git.go:145.3,145.65 1 1
changkun.de/wallfacer/internal/handler/git.go:145.65,147.4 1 0
changkun.de/wallfacer/internal/handler/git.go:148.3,149.14 2 1
changkun.de/wallfacer/internal/handler/git.go:152.2,153.20 2 1
changkun.de/wallfacer/internal/handler/git.go:153.20,155.3 1 0
changkun.de/wallfacer/internal/handler/git.go:157.2,160.6 3 1
changkun.de/wallfacer/internal/handler/git.go:160.6,161.10 1 1
changkun.de/wallfacer/internal/handler/git.go:162.29,163.10 1 1
changkun.de/wallfacer/internal/handler/git.go:164.19,168.39 4 0
changkun.de/wallfacer/internal/handler/git.go:168.39,170.20 2 0
changkun.de/wallfacer/internal/handler/git.go:170.20,172.6 1 0
changkun.de/wallfacer/internal/handler/git.go:173.5,174.13 2 0
changkun.de/wallfacer/internal/handler/git.go:176.4,176.43 1 0
changkun.de/wallfacer/internal/handler/git.go:176.43,177.20 1 0
changkun.de/wallfacer/internal/handler/git.go:177.20,179.6 1 0
changkun.de/wallfacer/internal/handler/git.go:180.5,180.19 1 0
changkun.de/wallfacer/internal/handler/git.go:187.67,191.33 2 1
changkun.de/wallfacer/internal/handler/git.go:191.33,193.3 1 1
changkun.de/wallfacer/internal/handler/git.go:195.2,195.42 1 1
changkun.de/wallfacer/internal/handler/git.go:195.42,198.3 2 1
changkun.de/wallfacer/internal/handler/git.go:200.2,202.16 3 1
changkun.de/wallfacer/internal/handler/git.go:202.16,206.3 3 1
changkun.de/wallfacer/internal/handler/git.go:208.2,208.71 1 1
changkun.de/wallfacer/internal/handler/git.go:212.76,216.33 2 1
changkun.de/wallfacer/internal/handler/git.go:216.33,218.3 1 1
changkun.de/wallfacer/internal/handler/git.go:220.2,220.42 1 1
changkun.de/wallfacer/internal/handler/git.go:220.42,223.3 2 1
changkun.de/wallfacer/internal/handler/git.go:224.2,224.69 1 1
changkun.de/wallfacer/internal/handler/git.go:224.69,226.3 1 0
changkun.de/wallfacer/internal/handler/git.go:228.2,230.116 2 1
changkun.de/wallfacer/internal/handler/git.go:230.116,234.3 3 0
changkun.de/wallfacer/internal/handler/git.go:236.2,237.16 2 1
changkun.de/wallfacer/internal/handler/git.go:237.16,238.103 1 1
changkun.de/wallfacer/internal/handler/git.go:238.103,240.4 1 1
changkun.de/wallfacer/internal/handler/git.go:241.3,242.44 2 1
changkun.de/wallfacer/internal/handler/git.go:242.44,245.4 2 0
changkun.de/wallfacer/internal/handler/git.go:246.3,247.9 2 1
changkun.de/wallfacer/internal/handler/git.go:250.2,250.71 1 0
changkun.de/wallfacer/internal/handler/git.go:254.75,258.33 2 1
changkun.de/wallfacer/internal/handler/git.go:258.33,260.3 1 1
changkun.de/wallfacer/internal/handler/git.go:262.2,262.42 1 1
changkun.de/wallfacer/internal/handler/git.go:262.42,265.3 2 1
changkun.de/wallfacer/internal/handler/git.go:266.2,266.71 1 1
changkun.de/wallfacer/internal/handler/git.go:266.71,268.3 1 1
changkun.de/wallfacer/internal/handler/git.go:270.2,274.138 3 1
changkun.de/wallfacer/internal/handler/git.go:274.138,278.3 3 1
changkun.de/wallfacer/internal/handler/git.go:281.2,282.16 2 0
changkun.de/wallfacer/internal/handler/git.go:282.16,283.103 1 0
changkun.de/wallfacer/internal/handler/git.go:283.103,285.4 1 0
changkun.de/wallfacer/internal/handler/git.go:286.3,287.44 2 0
changkun.de/wallfacer/internal/handler/git.go:287.44,290.4 2 0
changkun.de/wallfacer/internal/handler/git.go:291.3,292.9 2 0
changkun.de/wallfacer/internal/handler/git.go:295.2,295.71 1 0
changkun.de/wallfacer/internal/handler/git.go:302.82,304.16 2 1
changkun.de/wallfacer/internal/handler/git.go:304.16,307.3 2 0
changkun.de/wallfacer/internal/handler/git.go:308.2,308.34 1 1
changkun.de/wallfacer/internal/handler/git.go:308.34,311.3 2 0
changkun.de/wallfacer/internal/handler/git.go:314.2,314.42 1 1
changkun.de/wallfacer/internal/handler/git.go:314.42,316.22 2 1
changkun.de/wallfacer/internal/handler/git.go:316.22,318.4 1 0
changkun.de/wallfacer/internal/handler/git.go:319.3,321.58 3 1
changkun.de/wallfacer/internal/handler/git.go:321.58,324.4 2 1
changkun.de/wallfacer/internal/handler/git.go:325.3,328.9 4 1
changkun.de/wallfacer/internal/handler/git.go:331.2,334.57 3 1
changkun.de/wallfacer/internal/handler/git.go:334.57,336.58 1 1
changkun.de/wallfacer/internal/handler/git.go:336.58,339.24 3 1
changkun.de/wallfacer/internal/handler/git.go:339.24,340.68 1 1
changkun.de/wallfacer/internal/handler/git.go:340.68,344.23 3 1
changkun.de/wallfacer/internal/handler/git.go:344.23,346.7 1 0
changkun.de/wallfacer/internal/handler/git.go:347.11,351.23 3 0
changkun.de/wallfacer/internal/handler/git.go:351.23,353.7 1 0
changkun.de/wallfacer/internal/handler/git.go:355.10,355.36 1 1
changkun.de/wallfacer/internal/handler/git.go:355.36,356.70 1 1
changkun.de/wallfacer/internal/handler/git.go:356.70,359.94 1 1
changkun.de/wallfacer/internal/handler/git.go:359.94,363.24 3 1
changkun.de/wallfacer/internal/handler/git.go:363.24,365.8 1 0
changkun.de/wallfacer/internal/handler/git.go:366.12,370.24 3 0
changkun.de/wallfacer/internal/handler/git.go:370.24,372.8 1 0
changkun.de/wallfacer/internal/handler/git.go:376.4,376.20 1 1
changkun.de/wallfacer/internal/handler/git.go:376.20,377.36 1 1
changkun.de/wallfacer/internal/handler/git.go:377.36,379.6 1 0
changkun.de/wallfacer/internal/handler/git.go:380.5,380.24 1 1
changkun.de/wallfacer/internal/handler/git.go:382.4,382.12 1 1
changkun.de/wallfacer/internal/handler/git.go:385.3,386.17 2 1
changkun.de/wallfacer/internal/handler/git.go:386.17,387.12 1 0
changkun.de/wallfacer/internal/handler/git.go:392.3,393.17 2 1
changkun.de/wallfacer/internal/handler/git.go:393.17,395.4 1 0
changkun.de/wallfacer/internal/handler/git.go:396.3,397.21 2 1
changkun.de/wallfacer/internal/handler/git.go:397.21,399.4 1 0
changkun.de/wallfacer/internal/handler/git.go:402.3,403.71 1 1
changkun.de/wallfacer/internal/handler/git.go:403.71,404.86 1 1
changkun.de/wallfacer/internal/handler/git.go:404.86,405.19 1 1
changkun.de/wallfacer/internal/handler/git.go:405.19,406.14 1 1
changkun.de/wallfacer/internal/handler/git.go:408.5,410.26 2 1
changkun.de/wallfacer/internal/handler/git.go:410.26,412.6 1 1
changkun.de/wallfacer/internal/handler/git.go:413.5,413.29 1 1
changkun.de/wallfacer/internal/handler/git.go:417.3,417.19 1 1
changkun.de/wallfacer/internal/handler/git.go:417.19,418.35 1 1
changkun.de/wallfacer/internal/handler/git.go:418.35,420.5 1 0
changkun.de/wallfacer/internal/handler/git.go:421.4,421.23 1 1
changkun.de/wallfacer/internal/handler/git.go:423.3,423.83 1 1
changkun.de/wallfacer/internal/handler/git.go:423.83,425.4 1 1
changkun.de/wallfacer/internal/handler/git.go:429.2,433.16 2 1
changkun.de/wallfacer/internal/handler/git.go:433.16,436.3 2 0
changkun.de/wallfacer/internal/handler/git.go:438.2,445.16 4 1
changkun.de/wallfacer/internal/handler/git.go:445.16,447.3 1 1
changkun.de/wallfacer/internal/handler/git.go:448.2,451.15 3 1
changkun.de/wallfacer/internal/handler/git.go:451.15,453.3 1 1
changkun.de/wallfacer/internal/handler/git.go:454.2,458.18 5 1
changkun.de/wallfacer/internal/handler/git.go:462.71,464.14 2 1
changkun.de/wallfacer/internal/handler/git.go:464.14,467.3 2 1
changkun.de/wallfacer/internal/handler/git.go:468.2,468.31 1 1
changkun.de/wallfacer/internal/handler/git.go:468.31,471.3 2 1
changkun.de/wallfacer/internal/handler/git.go:473.2,475.16 2 1
changkun.de/wallfacer/internal/handler/git.go:475.16,478.3 2 0
changkun.de/wallfacer/internal/handler/git.go:480.2,481.75 2 1
changkun.de/wallfacer/internal/handler/git.go:481.75,483.17 2 1
changkun.de/wallfacer/internal/handler/git.go:483.17,485.4 1 1
changkun.de/wallfacer/internal/handler/git.go:488.2,490.52 2 1
changkun.de/wallfacer/internal/handler/git.go:490.52,492.3 1 1
changkun.de/wallfacer/internal/handler/git.go:494.2,497.4 1 1
changkun.de/wallfacer/internal/handler/git.go:501.71,506.33 2 1
changkun.de/wallfacer/internal/handler/git.go:506.33,508.3 1 1
changkun.de/wallfacer/internal/handler/git.go:510.2,510.42 1 1
changkun.de/wallfacer/internal/handler/git.go:510.42,513.3 2 1
changkun.de/wallfacer/internal/handler/git.go:516.2,516.106 1 1
changkun.de/wallfacer/internal/handler/git.go:516.106,519.3 2 1
changkun.de/wallfacer/internal/handler/git.go:520.2,520.84 1 1
changkun.de/wallfacer/internal/handler/git.go:520.84,522.3 1 1
changkun.de/wallfacer/internal/handler/git.go:524.2,526.16 3 1
changkun.de/wallfacer/internal/handler/git.go:526.16,530.3 3 0
changkun.de/wallfacer/internal/handler/git.go:532.2,532.70 1 1
changkun.de/wallfacer/internal/handler/git.go:536.75,541.33 2 1
changkun.de/wallfacer/internal/handler/git.go:541.33,543.3 1 1
changkun.de/wallfacer/internal/handler/git.go:545.2,545.42 1 1
changkun.de/wallfacer/internal/handler/git.go:545.42,548.3 2 1
changkun.de/wallfacer/internal/handler/git.go:551.2,551.106 1 1
changkun.de/wallfacer/internal/handler/git.go:551.106,554.3 2 1
changkun.de/wallfacer/internal/handler/git.go:555.2,555.84 1 1
changkun.de/wallfacer/internal/handler/git.go:555.84,557.3 1 1
changkun.de/wallfacer/internal/handler/git.go:559.2,561.16 3 1
changkun.de/wallfacer/internal/handler/git.go:561.16,565.3 3 0
changkun.de/wallfacer/internal/handler/git.go:567.2,567.70 1 1
changkun.de/wallfacer/internal/handler/git.go:571.70,575.33 2 1
changkun.de/wallfacer/internal/handler/git.go:575.33,577.3 1 1
changkun.de/wallfacer/internal/handler/git.go:579.2,579.37 1 1
changkun.de/wallfacer/internal/handler/git.go:579.37,582.3 2 1
changkun.de/wallfacer/internal/handler/git.go:584.2,585.22 2 1
changkun.de/wallfacer/internal/handler/git.go:586.16,587.59 1 0
changkun.de/wallfacer/internal/handler/git.go:588.10,589.63 1 1
changkun.de/wallfacer/internal/handler/git.go:592.2,592.34 1 1
changkun.de/wallfacer/internal/handler/git.go:592.34,595.3 2 1
changkun.de/wallfacer/internal/handler/git.go:597.2,597.64 1 0
changkun.de/wallfacer/internal/handler/git.go:601.54,602.51 1 1
changkun.de/wallfacer/internal/handler/git.go:602.51,603.23 1 1
changkun.de/wallfacer/internal/handler/git.go:603.23,605.4 1 1
changkun.de/wallfacer/internal/handler/git.go:607.2,607.14 1 1
changkun.de/wallfacer/internal/handler/handler.go:34.41,38.2 3 1
changkun.de/wallfacer/internal/handler/handler.go:43.79,48.19 5 1
changkun.de/wallfacer/internal/handler/handler.go:48.19,51.3 2 1
changkun.de/wallfacer/internal/handler/handler.go:51.8,53.3 1 1
changkun.de/wallfacer/internal/handler/handler.go:55.2,56.29 2 1
changkun.de/wallfacer/internal/handler/handler.go:56.29,58.3 1 0
changkun.de/wallfacer/internal/handler/handler.go:59.2,60.20 2 1
changkun.de/wallfacer/internal/handler/handler.go:63.43,68.2 4 1
changkun.de/wallfacer/internal/handler/handler.go:79.71,88.10 5 1
changkun.de/wallfacer/internal/handler/handler.go:88.10,92.3 3 1
changkun.de/wallfacer/internal/handler/handler.go:93.2,93.14 1 1
changkun.de/wallfacer/internal/handler/handler.go:161.124,163.14 2 1
changkun.de/wallfacer/internal/handler/handler.go:163.14,165.3 1 1
changkun.de/wallfacer/internal/handler/handler.go:166.2,166.18 1 1
changkun.de/wallfacer/internal/handler/handler.go:166.18,168.3 1 1
changkun.de/wallfacer/internal/handler/handler.go:169.2,196.61 2 1
changkun.de/wallfacer/internal/handler/handler.go:196.61,198.3 1 1
changkun.de/wallfacer/internal/handler/handler.go:199.2,199.73 1 1
changkun.de/wallfacer/internal/handler/handler.go:199.73,201.3 1 1
changkun.de/wallfacer/internal/handler/handler.go:202.2,203.18 2 1
changkun.de/wallfacer/internal/handler/handler.go:203.18,205.13 2 1
changkun.de/wallfacer/internal/handler/handler.go:205.13,206.25 1 1
changkun.de/wallfacer/internal/handler/handler.go:206.25,208.5 1 1
changkun.de/wallfacer/internal/handler/handler.go:211.2,212.10 2 1
changkun.de/wallfacer/internal/handler/handler.go:215.55,216.24 1 1
changkun.de/wallfacer/internal/handler/handler.go:216.24,218.3 1 1
changkun.de/wallfacer/internal/handler/handler.go:219.2,222.20 4 1
changkun.de/wallfacer/internal/handler/handler.go:225.76,227.21 2 1
changkun.de/wallfacer/internal/handler/handler.go:227.21,230.3 2 1
changkun.de/wallfacer/internal/handler/handler.go:231.2,231.16 1 1
changkun.de/wallfacer/internal/handler/handler.go:234.48,235.24 1 1
changkun.de/wallfacer/internal/handler/handler.go:235.24,237.3 1 1
changkun.de/wallfacer/internal/handler/handler.go:238.2,241.18 4 1
changkun.de/wallfacer/internal/handler/handler.go:241.18,243.3 1 1
changkun.de/wallfacer/internal/handler/handler.go:244.2,246.12 3 1
changkun.de/wallfacer/internal/handler/handler.go:249.52,250.24 1 1
changkun.de/wallfacer/internal/handler/handler.go:250.24,252.3 1 1
changkun.de/wallfacer/internal/handler/handler.go:253.2,253.11 1 1
changkun.de/wallfacer/internal/handler/handler.go:261.58,266.2 4 1
changkun.de/wallfacer/internal/handler/handler.go:268.35,271.2 2 1
changkun.de/wallfacer/internal/handler/handler.go:273.74,274.71 1 1
changkun.de/wallfacer/internal/handler/handler.go:274.71,275.20 1 1
changkun.de/wallfacer/internal/handler/handler.go:275.20,278.4 2 1
changkun.de/wallfacer/internal/handler/handler.go:279.3,279.23 1 1
changkun.de/wallfacer/internal/handler/handler.go:285.63,286.18 1 1
changkun.de/wallfacer/internal/handler/handler.go:286.18,288.3 1 1
changkun.de/wallfacer/internal/handler/handler.go:289.2,292.4 1 1
changkun.de/wallfacer/internal/handler/handler.go:296.58,297.18 1 1
changkun.de/wallfacer/internal/handler/handler.go:297.18,299.3 1 1
changkun.de/wallfacer/internal/handler/handler.go:300.2,302.4 1 1
changkun.de/wallfacer/internal/handler/handler.go:305.70,310.2 4 1
changkun.de/wallfacer/internal/handler/handler.go:312.64,317.2 4 1
changkun.de/wallfacer/internal/handler/handler.go:319.52,320.21 1 1
changkun.de/wallfacer/internal/handler/handler.go:320.21,322.3 1 0
changkun.de/wallfacer/internal/handler/handler.go:323.2,324.8 2 1
changkun.de/wallfacer/internal/handler/handler.go:324.8,326.3 1 1
changkun.de/wallfacer/internal/handler/handler.go:330.43,334.2 3 1
changkun.de/wallfacer/internal/handler/handler.go:337.46,341.2 3 1
changkun.de/wallfacer/internal/handler/handler.go:344.42,348.2 3 1
changkun.de/wallfacer/internal/handler/handler.go:351.45,355.2 3 1
changkun.de/wallfacer/internal/handler/handler.go:358.44,362.2 3 1
changkun.de/wallfacer/internal/handler/handler.go:365.47,369.2 3 1
changkun.de/wallfacer/internal/handler/handler.go:372.44,376.2 3 1
changkun.de/wallfacer/internal/handler/handler.go:379.47,383.2 3 1
changkun.de/wallfacer/internal/handler/handler.go:386.42,390.2 3 1
changkun.de/wallfacer/internal/handler/handler.go:393.45,397.2 3 1
changkun.de/wallfacer/internal/handler/handler.go:400.42,404.2 3 1
changkun.de/wallfacer/internal/handler/handler.go:407.45,411.2 3 1
changkun.de/wallfacer/internal/handler/handler.go:416.97,418.9 2 1
changkun.de/wallfacer/internal/handler/handler.go:418.9,421.3 2 0
changkun.de/wallfacer/internal/handler/handler.go:422.2,424.19 3 1
changkun.de/wallfacer/internal/handler/handler.go:424.19,428.3 1 1
changkun.de/wallfacer/internal/handler/handler.go:429.2,435.19 2 1
changkun.de/wallfacer/internal/handler/handler.go:441.86,443.2 1 1
changkun.de/wallfacer/internal/handler/handler.go:446.42,450.2 3 1
changkun.de/wallfacer/internal/handler/handler.go:454.45,457.14 3 1
changkun.de/wallfacer/internal/handler/handler.go:457.14,459.3 1 1
changkun.de/wallfacer/internal/handler/handler.go:460.2,460.23 1 1
changkun.de/wallfacer/internal/handler/handler.go:464.52,468.2 3 1
changkun.de/wallfacer/internal/handler/handler.go:472.56,477.2 4 1
changkun.de/wallfacer/internal/handler/handler.go:481.47,485.2 3 1
changkun.de/wallfacer/internal/handler/handler.go:489.47,490.28 1 1
changkun.de/wallfacer/internal/handler/handler.go:490.28,494.3 3 1
changkun.de/wallfacer/internal/handler/handler.go:500.73,503.38 3 1
changkun.de/wallfacer/internal/handler/handler.go:503.38,505.30 2 1
changkun.de/wallfacer/internal/handler/handler.go:505.30,508.4 2 1
changkun.de/wallfacer/internal/handler/handler.go:509.3,510.15 2 1
changkun.de/wallfacer/internal/handler/handler.go:512.2,512.16 1 1
changkun.de/wallfacer/internal/handler/handler.go:512.16,515.3 2 1
changkun.de/wallfacer/internal/handler/handler.go:516.2,516.13 1 1
changkun.de/wallfacer/internal/handler/handler.go:523.81,524.31 1 1
changkun.de/wallfacer/internal/handler/handler.go:524.31,526.3 1 0
changkun.de/wallfacer/internal/handler/handler.go:527.2,529.38 3 1
changkun.de/wallfacer/internal/handler/handler.go:529.38,530.29 1 1
changkun.de/wallfacer/internal/handler/handler.go:530.29,532.4 1 1
changkun.de/wallfacer/internal/handler/handler.go:533.3,534.30 2 1
changkun.de/wallfacer/internal/handler/handler.go:534.30,537.4 2 0
changkun.de/wallfacer/internal/handler/handler.go:538.3,539.15 2 1
changkun.de/wallfacer/internal/handler/handler.go:541.2,541.16 1 1
changkun.de/wallfacer/internal/handler/handler.go:541.16,544.3 2 0
changkun.de/wallfacer/internal/handler/handler.go:545.2,545.13 1 1
changkun.de/wallfacer/internal/handler/handler.go:549.58,552.53 3 1
changkun.de/wallfacer/internal/handler/handler.go:552.53,554.3 1 0
changkun.de/wallfacer/internal/handler/ideate.go:20.61,25.12 3 1
changkun.de/wallfacer/internal/handler/ideate.go:25.12,27.7 2 1
changkun.de/wallfacer/internal/handler/ideate.go:27.7,28.11 1 1
changkun.de/wallfacer/internal/handler/ideate.go:29.22,30.11 1 1
changkun.de/wallfacer/internal/handler/ideate.go:31.14,32.37 1 0
changkun.de/wallfacer/internal/handler/ideate.go:42.66,43.26 1 1
changkun.de/wallfacer/internal/handler/ideate.go:43.26,45.3 1 0
changkun.de/wallfacer/internal/handler/ideate.go:47.2,48.16 2 1
changkun.de/wallfacer/internal/handler/ideate.go:48.16,50.3 1 0
changkun.de/wallfacer/internal/handler/ideate.go:52.2,52.26 1 1
changkun.de/wallfacer/internal/handler/ideate.go:52.26,53.40 1 0
changkun.de/wallfacer/internal/handler/ideate.go:53.40,54.20 1 0
changkun.de/wallfacer/internal/handler/ideate.go:55.61,57.11 1 0
changkun.de/wallfacer/internal/handler/ideate.go:63.2,63.25 1 1
changkun.de/wallfacer/internal/handler/ideate.go:69.57,73.28 2 1
changkun.de/wallfacer/internal/handler/ideate.go:73.28,76.3 2 1
changkun.de/wallfacer/internal/handler/ideate.go:78.2,80.19 2 1
changkun.de/wallfacer/internal/handler/ideate.go:80.19,84.3 3 1
changkun.de/wallfacer/internal/handler/ideate.go:86.2,88.52 3 1
changkun.de/wallfacer/internal/handler/ideate.go:88.52,95.14 6 0
changkun.de/wallfacer/internal/handler/ideate.go:95.14,97.4 1 0
changkun.de/wallfacer/internal/handler/ideate.go:99.2,100.89 2 1
changkun.de/wallfacer/internal/handler/ideate.go:106.72,108.16 2 1
changkun.de/wallfacer/internal/handler/ideate.go:108.16,111.3 2 0
changkun.de/wallfacer/internal/handler/ideate.go:113.2,114.26 2 1
changkun.de/wallfacer/internal/handler/ideate.go:114.26,115.40 1 1
changkun.de/wallfacer/internal/handler/ideate.go:115.40,116.12 1 0
changkun.de/wallfacer/internal/handler/ideate.go:118.3,118.19 1 1
changkun.de/wallfacer/internal/handler/ideate.go:119.85,120.40 1 1
changkun.de/wallfacer/internal/handler/ideate.go:124.2,130.16 3 1
changkun.de/wallfacer/internal/handler/ideate.go:130.16,133.3 2 0
changkun.de/wallfacer/internal/handler/ideate.go:134.2,134.84 1 1
changkun.de/wallfacer/internal/handler/ideate.go:134.84,136.3 1 0
changkun.de/wallfacer/internal/handler/ideate.go:139.2,142.91 3 1
changkun.de/wallfacer/internal/handler/ideate.go:142.91,147.3 3 0
changkun.de/wallfacer/internal/handler/ideate.go:148.2,152.13 4 1
changkun.de/wallfacer/internal/handler/ideate.go:158.75,163.2 2 1
changkun.de/wallfacer/internal/handler/ideate.go:167.74,169.16 2 1
changkun.de/wallfacer/internal/handler/ideate.go:169.16,172.3 2 0
changkun.de/wallfacer/internal/handler/ideate.go:173.2,174.26 2 1
changkun.de/wallfacer/internal/handler/ideate.go:174.26,175.40 1 1
changkun.de/wallfacer/internal/handler/ideate.go:175.40,176.12 1 1
changkun.de/wallfacer/internal/handler/ideate.go:178.3,178.19 1 1
changkun.de/wallfacer/internal/handler/ideate.go:179.35,186.20 4 0
changkun.de/wallfacer/internal/handler/ideate.go:187.32,191.20 3 1
changkun.de/wallfacer/internal/handler/ideate.go:194.2,194.69 1 1
changkun.de/wallfacer/internal/handler/ideate.go:199.77,202.26 3 1
changkun.de/wallfacer/internal/handler/ideate.go:202.26,203.82 1 1
changkun.de/wallfacer/internal/handler/ideate.go:203.82,205.9 2 1
changkun.de/wallfacer/internal/handler/ideate.go:209.2,213.55 2 1
changkun.de/wallfacer/internal/handler/ideate.go:213.55,215.3 1 0
changkun.de/wallfacer/internal/handler/ideate.go:216.2,216.35 1 1
changkun.de/wallfacer/internal/handler/instructions.go:11.75,13.16 2 1
changkun.de/wallfacer/internal/handler/instructions.go:13.16,16.3 2 1
changkun.de/wallfacer/internal/handler/instructions.go:17.2,18.16 2 1
changkun.de/wallfacer/internal/handler/instructions.go:18.16,19.25 1 1
changkun.de/wallfacer/internal/handler/instructions.go:19.25,22.4 2 1
changkun.de/wallfacer/internal/handler/instructions.go:23.3,24.9 2 0
changkun.de/wallfacer/internal/handler/instructions.go:26.2,26.76 1 1
changkun.de/wallfacer/internal/handler/instructions.go:30.78,34.33 2 1
changkun.de/wallfacer/internal/handler/instructions.go:34.33,36.3 1 1
changkun.de/wallfacer/internal/handler/instructions.go:37.2,38.16 2 1
changkun.de/wallfacer/internal/handler/instructions.go:38.16,41.3 2 1
changkun.de/wallfacer/internal/handler/instructions.go:42.2,42.70 1 1
changkun.de/wallfacer/internal/handler/instructions.go:42.70,45.3 2 1
changkun.de/wallfacer/internal/handler/instructions.go:46.2,46.64 1 1
changkun.de/wallfacer/internal/handler/instructions.go:50.78,52.16 2 1
changkun.de/wallfacer/internal/handler/instructions.go:52.16,55.3 2 1
changkun.de/wallfacer/internal/handler/instructions.go:56.2,57.16 2 1
changkun.de/wallfacer/internal/handler/instructions.go:57.16,60.3 2 1
changkun.de/wallfacer/internal/handler/instructions.go:61.2,62.16 2 1
changkun.de/wallfacer/internal/handler/instructions.go:62.16,65.3 2 0
changkun.de/wallfacer/internal/handler/instructions.go:66.2,66.76 1 1
changkun.de/wallfacer/internal/handler/middleware.go:16.70,17.46 1 1
changkun.de/wallfacer/internal/handler/middleware.go:17.46,18.72 1 1
changkun.de/wallfacer/internal/handler/middleware.go:18.72,21.4 2 1
changkun.de/wallfacer/internal/handler/middleware.go:25.76,27.46 2 1
changkun.de/wallfacer/internal/handler/middleware.go:27.46,28.72 1 1
changkun.de/wallfacer/internal/handler/middleware.go:28.72,29.20 1 1
changkun.de/wallfacer/internal/handler/middleware.go:30.61,32.11 2 1
changkun.de/wallfacer/internal/handler/middleware.go:34.4,34.25 1 1
changkun.de/wallfacer/internal/handler/middleware.go:34.25,37.5 2 0
changkun.de/wallfacer/internal/handler/middleware.go:38.4,40.37 3 1
changkun.de/wallfacer/internal/handler/middleware.go:40.37,43.5 2 1
changkun.de/wallfacer/internal/handler/middleware.go:44.4,45.17 2 1
changkun.de/wallfacer/internal/handler/middleware.go:45.17,47.5 1 1
changkun.de/wallfacer/internal/handler/middleware.go:48.4,49.69 2 1
changkun.de/wallfacer/internal/handler/middleware.go:49.69,52.5 2 1
changkun.de/wallfacer/internal/handler/middleware.go:53.4,53.24 1 1
changkun.de/wallfacer/internal/handler/middleware.go:58.74,60.15 2 1
changkun.de/wallfacer/internal/handler/middleware.go:60.15,61.47 1 0
changkun.de/wallfacer/internal/handler/middleware.go:61.47,61.62 1 0
changkun.de/wallfacer/internal/handler/middleware.go:63.2,63.38 1 1
changkun.de/wallfacer/internal/handler/middleware.go:63.38,64.63 1 1
changkun.de/wallfacer/internal/handler/middleware.go:64.63,66.4 1 1
changkun.de/wallfacer/internal/handler/middleware.go:67.3,67.84 1 1
changkun.de/wallfacer/internal/handler/middleware.go:69.2,69.46 1 1
changkun.de/wallfacer/internal/handler/middleware.go:69.46,70.72 1 1
changkun.de/wallfacer/internal/handler/middleware.go:70.72,71.55 1 1
changkun.de/wallfacer/internal/handler/middleware.go:71.55,74.5 2 1
changkun.de/wallfacer/internal/handler/middleware.go:75.4,75.29 1 1
changkun.de/wallfacer/internal/handler/middleware.go:75.29,76.42 1 1
changkun.de/wallfacer/internal/handler/middleware.go:76.42,79.6 2 1
changkun.de/wallfacer/internal/handler/middleware.go:80.5,81.11 2 1
changkun.de/wallfacer/internal/handler/middleware.go:83.4,84.29 2 1
changkun.de/wallfacer/internal/handler/middleware.go:84.29,87.5 2 1
changkun.de/wallfacer/internal/handler/middleware.go:88.4,88.24 1 1
changkun.de/wallfacer/internal/handler/oversight.go:21.86,22.60 1 1
changkun.de/wallfacer/internal/handler/oversight.go:22.60,25.3 2 1
changkun.de/wallfacer/internal/handler/oversight.go:27.2,28.16 2 1
changkun.de/wallfacer/internal/handler/oversight.go:28.16,31.3 2 0
changkun.de/wallfacer/internal/handler/oversight.go:33.2,36.4 1 1
changkun.de/wallfacer/internal/handler/oversight.go:42.90,43.60 1 1
changkun.de/wallfacer/internal/handler/oversight.go:43.60,46.3 2 1
changkun.de/wallfacer/internal/handler/oversight.go:48.2,49.16 2 1
changkun.de/wallfacer/internal/handler/oversight.go:49.16,52.3 2 0
changkun.de/wallfacer/internal/handler/oversight.go:54.2,54.40 1 1
changkun.de/wallfacer/internal/handler/oversight.go:61.84,63.46 2 1
changkun.de/wallfacer/internal/handler/oversight.go:63.46,64.54 1 1
changkun.de/wallfacer/internal/handler/oversight.go:64.54,66.4 1 1
changkun.de/wallfacer/internal/handler/oversight.go:69.2,70.16 2 1
changkun.de/wallfacer/internal/handler/oversight.go:70.16,73.3 2 0
changkun.de/wallfacer/internal/handler/oversight.go:76.2,84.26 3 1
changkun.de/wallfacer/internal/handler/oversight.go:84.26,85.42 1 1
changkun.de/wallfacer/internal/handler/oversight.go:85.42,86.12 1 1
changkun.de/wallfacer/internal/handler/oversight.go:88.3,89.17 2 1
changkun.de/wallfacer/internal/handler/oversight.go:89.17,90.12 1 0
changkun.de/wallfacer/internal/handler/oversight.go:93.3,93.92 1 1
changkun.de/wallfacer/internal/handler/oversight.go:93.92,94.12 1 1
changkun.de/wallfacer/internal/handler/oversight.go:96.3,96.33 1 1
changkun.de/wallfacer/internal/handler/oversight.go:99.2,100.40 2 1
changkun.de/wallfacer/internal/handler/oversight.go:100.40,102.3 1 1
changkun.de/wallfacer/internal/handler/oversight.go:104.2,105.29 2 1
changkun.de/wallfacer/internal/handler/oversight.go:105.29,108.3 2 1
changkun.de/wallfacer/internal/handler/oversight.go:110.2,114.4 1 1
changkun.de/wallfacer/internal/handler/prompts.go:20.77,24.29 4 1
changkun.de/wallfacer/internal/handler/prompts.go:24.29,26.17 2 1
changkun.de/wallfacer/internal/handler/prompts.go:26.17,29.4 2 0
changkun.de/wallfacer/internal/handler/prompts.go:30.3,34.5 1 1
changkun.de/wallfacer/internal/handler/prompts.go:36.2,36.37 1 1
changkun.de/wallfacer/internal/handler/prompts.go:41.75,45.16 4 1
changkun.de/wallfacer/internal/handler/prompts.go:45.16,46.33 1 1
changkun.de/wallfacer/internal/handler/prompts.go:46.33,49.4 2 1
changkun.de/wallfacer/internal/handler/prompts.go:50.3,51.9 2 0
changkun.de/wallfacer/internal/handler/prompts.go:53.2,57.4 1 1
changkun.de/wallfacer/internal/handler/prompts.go:63.78,68.33 3 1
changkun.de/wallfacer/internal/handler/prompts.go:68.33,70.3 1 0
changkun.de/wallfacer/internal/handler/prompts.go:71.2,72.56 2 1
changkun.de/wallfacer/internal/handler/prompts.go:72.56,73.33 1 1
changkun.de/wallfacer/internal/handler/prompts.go:73.33,76.4 2 1
changkun.de/wallfacer/internal/handler/prompts.go:77.3,78.9 2 1
changkun.de/wallfacer/internal/handler/prompts.go:80.2,80.61 1 1
changkun.de/wallfacer/internal/handler/prompts.go:80.61,81.33 1 0
changkun.de/wallfacer/internal/handler/prompts.go:81.33,84.4 2 0
changkun.de/wallfacer/internal/handler/prompts.go:86.3,87.9 2 0
changkun.de/wallfacer/internal/handler/prompts.go:89.2,89.64 1 1
changkun.de/wallfacer/internal/handler/prompts.go:94.78,97.49 3 1
changkun.de/wallfacer/internal/handler/prompts.go:97.49,98.33 1 1
changkun.de/wallfacer/internal/handler/prompts.go:98.33,101.4 2 1
changkun.de/wallfacer/internal/handler/prompts.go:102.3,102.37 1 1
changkun.de/wallfacer/internal/handler/prompts.go:102.37,105.4 2 1
changkun.de/wallfacer/internal/handler/prompts.go:106.3,107.9 2 0
changkun.de/wallfacer/internal/handler/prompts.go:109.2,109.64 1 1
changkun.de/wallfacer/internal/handler/prompts.go:114.44,115.16 1 1
changkun.de/wallfacer/internal/handler/prompts.go:115.16,117.3 1 0
changkun.de/wallfacer/internal/handler/prompts.go:120.2,120.64 1 1
changkun.de/wallfacer/internal/handler/refine.go:22.89,24.16 2 1
changkun.de/wallfacer/internal/handler/refine.go:24.16,27.3 2 1
changkun.de/wallfacer/internal/handler/refine.go:28.2,28.44 1 1
changkun.de/wallfacer/internal/handler/refine.go:28.44,31.3 2 1
changkun.de/wallfacer/internal/handler/refine.go:33.2,35.41 2 1
changkun.de/wallfacer/internal/handler/refine.go:35.41,37.3 1 1
changkun.de/wallfacer/internal/handler/refine.go:39.2,45.79 2 1
changkun.de/wallfacer/internal/handler/refine.go:45.79,46.56 1 1
changkun.de/wallfacer/internal/handler/refine.go:46.56,49.4 2 1
changkun.de/wallfacer/internal/handler/refine.go:50.3,52.9 3 0
changkun.de/wallfacer/internal/handler/refine.go:55.2,58.16 3 1
changkun.de/wallfacer/internal/handler/refine.go:58.16,61.3 2 0
changkun.de/wallfacer/internal/handler/refine.go:62.2,62.44 1 1
changkun.de/wallfacer/internal/handler/refine.go:67.90,69.16 2 1
changkun.de/wallfacer/internal/handler/refine.go:69.16,72.3 2 1
changkun.de/wallfacer/internal/handler/refine.go:73.2,73.104 1 1
changkun.de/wallfacer/internal/handler/refine.go:73.104,76.3 2 1
changkun.de/wallfacer/internal/handler/refine.go:78.2,83.93 4 1
changkun.de/wallfacer/internal/handler/refine.go:83.93,87.3 3 0
changkun.de/wallfacer/internal/handler/refine.go:89.2,90.16 2 1
changkun.de/wallfacer/internal/handler/refine.go:90.16,93.3 2 0
changkun.de/wallfacer/internal/handler/refine.go:94.2,94.38 1 1
changkun.de/wallfacer/internal/handler/refine.go:101.87,103.16 2 1
changkun.de/wallfacer/internal/handler/refine.go:103.16,106.3 2 1
changkun.de/wallfacer/internal/handler/refine.go:107.2,107.44 1 1
changkun.de/wallfacer/internal/handler/refine.go:107.44,110.3 2 1
changkun.de/wallfacer/internal/handler/refine.go:111.2,111.101 1 1
changkun.de/wallfacer/internal/handler/refine.go:111.101,114.3 2 1
changkun.de/wallfacer/internal/handler/refine.go:116.2,116.67 1 1
changkun.de/wallfacer/internal/handler/refine.go:116.67,120.3 3 0
changkun.de/wallfacer/internal/handler/refine.go:122.2,123.16 2 1
changkun.de/wallfacer/internal/handler/refine.go:123.16,126.3 2 0
changkun.de/wallfacer/internal/handler/refine.go:127.2,127.38 1 1
changkun.de/wallfacer/internal/handler/refine.go:138.85,140.16 2 1
changkun.de/wallfacer/internal/handler/refine.go:140.16,143.3 2 1
changkun.de/wallfacer/internal/handler/refine.go:144.2,144.44 1 1
changkun.de/wallfacer/internal/handler/refine.go:144.44,147.3 2 1
changkun.de/wallfacer/internal/handler/refine.go:149.2,150.33 2 1
changkun.de/wallfacer/internal/handler/refine.go:150.33,152.3 1 1
changkun.de/wallfacer/internal/handler/refine.go:153.2,153.41 1 1
changkun.de/wallfacer/internal/handler/refine.go:153.41,156.3 2 1
changkun.de/wallfacer/internal/handler/refine.go:159.2,160.35 2 1
changkun.de/wallfacer/internal/handler/refine.go:160.35,162.3 1 1
changkun.de/wallfacer/internal/handler/refine.go:163.2,170.86 2 1
changkun.de/wallfacer/internal/handler/refine.go:170.86,173.3 2 0
changkun.de/wallfacer/internal/handler/refine.go:176.2,179.16 3 1
changkun.de/wallfacer/internal/handler/refine.go:179.16,182.3 2 0
changkun.de/wallfacer/internal/handler/refine.go:183.2,183.38 1 1
changkun.de/wallfacer/internal/handler/runtime.go:32.76,35.23 2 1
changkun.de/wallfacer/internal/handler/runtime.go:35.23,37.3 1 0
changkun.de/wallfacer/internal/handler/runtime.go:40.2,54.26 5 1
changkun.de/wallfacer/internal/handler/runtime.go:54.26,56.3 1 1
changkun.de/wallfacer/internal/handler/runtime.go:59.2,61.31 3 1
changkun.de/wallfacer/internal/handler/runtime.go:61.31,62.27 1 0
changkun.de/wallfacer/internal/handler/runtime.go:62.27,64.4 1 0
changkun.de/wallfacer/internal/handler/runtime.go:67.2,78.4 1 1
changkun.de/wallfacer/internal/handler/sandbox_gate.go:13.46,15.2 1 1
changkun.de/wallfacer/internal/handler/sandbox_gate.go:17.65,19.24 2 1
changkun.de/wallfacer/internal/handler/sandbox_gate.go:19.24,21.3 1 1
changkun.de/wallfacer/internal/handler/sandbox_gate.go:22.2,24.21 3 1
changkun.de/wallfacer/internal/handler/sandbox_gate.go:24.21,26.3 1 1
changkun.de/wallfacer/internal/handler/sandbox_gate.go:27.2,27.17 1 1
changkun.de/wallfacer/internal/handler/sandbox_gate.go:27.17,29.3 1 1
changkun.de/wallfacer/internal/handler/sandbox_gate.go:30.2,31.21 2 1
changkun.de/wallfacer/internal/handler/sandbox_gate.go:31.21,33.17 2 1
changkun.de/wallfacer/internal/handler/sandbox_gate.go:33.17,35.4 1 0
changkun.de/wallfacer/internal/handler/sandbox_gate.go:35.9,37.4 1 1
changkun.de/wallfacer/internal/handler/sandbox_gate.go:39.2,39.16 1 1
changkun.de/wallfacer/internal/handler/sandbox_gate.go:39.16,41.46 2 1
changkun.de/wallfacer/internal/handler/sandbox_gate.go:41.46,43.4 1 1
changkun.de/wallfacer/internal/handler/sandbox_gate.go:44.3,44.23 1 1
changkun.de/wallfacer/internal/handler/sandbox_gate.go:46.2,46.46 1 1
changkun.de/wallfacer/internal/handler/sandbox_gate.go:46.46,48.3 1 1
changkun.de/wallfacer/internal/handler/sandbox_gate.go:49.2,49.17 1 1
changkun.de/wallfacer/internal/handler/sandbox_gate.go:52.129,53.53 1 1
changkun.de/wallfacer/internal/handler/sandbox_gate.go:53.53,55.3 1 1
changkun.de/wallfacer/internal/handler/sandbox_gate.go:56.2,56.37 1 1
changkun.de/wallfacer/internal/handler/sandbox_gate.go:56.37,57.50 1 0
changkun.de/wallfacer/internal/handler/sandbox_gate.go:57.50,59.4 1 0
changkun.de/wallfacer/internal/handler/sandbox_gate.go:61.2,61.12 1 1
changkun.de/wallfacer/internal/handler/spans.go:13.86,14.60 1 1
changkun.de/wallfacer/internal/handler/spans.go:14.60,17.3 2 1
changkun.de/wallfacer/internal/handler/spans.go:19.2,20.16 2 1
changkun.de/wallfacer/internal/handler/spans.go:20.16,23.3 2 0
changkun.de/wallfacer/internal/handler/spans.go:25.2,26.18 2 1
changkun.de/wallfacer/internal/handler/spans.go:26.18,28.3 1 1
changkun.de/wallfacer/internal/handler/spans.go:29.2,29.61 1 1
changkun.de/wallfacer/internal/handler/stats.go:60.115,70.26 3 1
changkun.de/wallfacer/internal/handler/stats.go:70.26,75.61 3 1
changkun.de/wallfacer/internal/handler/stats.go:75.61,76.71 1 1
changkun.de/wallfacer/internal/handler/stats.go:76.71,79.5 2 1
changkun.de/wallfacer/internal/handler/stats.go:83.3,96.39 10 1
changkun.de/wallfacer/internal/handler/stats.go:96.39,102.4 5 1
changkun.de/wallfacer/internal/handler/stats.go:106.3,106.41 1 1
changkun.de/wallfacer/internal/handler/stats.go:106.41,115.4 8 1
changkun.de/wallfacer/internal/handler/stats.go:121.3,122.52 2 1
changkun.de/wallfacer/internal/handler/stats.go:122.52,125.4 2 1
changkun.de/wallfacer/internal/handler/stats.go:126.3,126.25 1 1
changkun.de/wallfacer/internal/handler/stats.go:126.25,133.4 6 1
changkun.de/wallfacer/internal/handler/stats.go:136.3,137.27 2 1
changkun.de/wallfacer/internal/handler/stats.go:137.27,139.4 1 1
changkun.de/wallfacer/internal/handler/stats.go:140.3,142.47 3 1
changkun.de/wallfacer/internal/handler/stats.go:146.2,148.41 3 1
changkun.de/wallfacer/internal/handler/stats.go:148.41,150.3 1 1
changkun.de/wallfacer/internal/handler/stats.go:151.2,153.21 3 1
changkun.de/wallfacer/internal/handler/stats.go:153.21,156.18 3 1
changkun.de/wallfacer/internal/handler/stats.go:156.18,158.23 2 1
changkun.de/wallfacer/internal/handler/stats.go:158.23,160.5 1 1
changkun.de/wallfacer/internal/handler/stats.go:161.4,161.25 1 1
changkun.de/wallfacer/internal/handler/stats.go:163.3,168.4 1 1
changkun.de/wallfacer/internal/handler/stats.go:172.2,174.20 3 1
changkun.de/wallfacer/internal/handler/stats.go:174.20,176.41 2 1
changkun.de/wallfacer/internal/handler/stats.go:176.41,178.4 1 1
changkun.de/wallfacer/internal/handler/stats.go:178.9,180.4 1 1
changkun.de/wallfacer/internal/handler/stats.go:183.2,183.13 1 1
changkun.de/wallfacer/internal/handler/stats.go:190.81,191.14 1 1
changkun.de/wallfacer/internal/handler/stats.go:191.14,193.3 1 1
changkun.de/wallfacer/internal/handler/stats.go:194.2,195.26 2 1
changkun.de/wallfacer/internal/handler/stats.go:195.26,196.39 1 1
changkun.de/wallfacer/internal/handler/stats.go:196.39,198.4 1 1
changkun.de/wallfacer/internal/handler/stats.go:200.2,200.36 1 1
changkun.de/wallfacer/internal/handler/stats.go:209.68,211.16 2 1
changkun.de/wallfacer/internal/handler/stats.go:211.16,214.3 2 0
changkun.de/wallfacer/internal/handler/stats.go:215.2,215.52 1 1
changkun.de/wallfacer/internal/handler/stats.go:215.52,218.10 3 1
changkun.de/wallfacer/internal/handler/stats.go:218.10,221.4 2 1
changkun.de/wallfacer/internal/handler/stats.go:223.2,223.73 1 1
changkun.de/wallfacer/internal/handler/stream.go:37.71,39.9 2 1
changkun.de/wallfacer/internal/handler/stream.go:39.9,42.3 2 0
changkun.de/wallfacer/internal/handler/stream.go:44.2,61.26 9 1
changkun.de/wallfacer/internal/handler/stream.go:61.26,63.3 1 1
changkun.de/wallfacer/internal/handler/stream.go:65.2,66.26 2 1
changkun.de/wallfacer/internal/handler/stream.go:66.26,67.71 1 1
changkun.de/wallfacer/internal/handler/stream.go:67.71,69.15 2 1
changkun.de/wallfacer/internal/handler/stream.go:69.15,72.30 1 1
changkun.de/wallfacer/internal/handler/stream.go:72.30,74.23 2 1
changkun.de/wallfacer/internal/handler/stream.go:74.23,75.15 1 0
changkun.de/wallfacer/internal/handler/stream.go:77.6,78.110 2 1
changkun.de/wallfacer/internal/handler/stream.go:78.110,80.7 1 0
changkun.de/wallfacer/internal/handler/stream.go:81.6,81.24 1 1
changkun.de/wallfacer/internal/handler/stream.go:83.5,84.21 2 1
changkun.de/wallfacer/internal/handler/stream.go:90.2,90.16 1 1
changkun.de/wallfacer/internal/handler/stream.go:90.16,95.17 2 1
changkun.de/wallfacer/internal/handler/stream.go:95.17,97.4 1 0
changkun.de/wallfacer/internal/handler/stream.go:98.3,98.19 1 1
changkun.de/wallfacer/internal/handler/stream.go:98.19,100.4 1 0
changkun.de/wallfacer/internal/handler/stream.go:101.3,102.17 2 1
changkun.de/wallfacer/internal/handler/stream.go:102.17,104.4 1 0
changkun.de/wallfacer/internal/handler/stream.go:105.3,106.106 2 1
changkun.de/wallfacer/internal/handler/stream.go:106.106,108.4 1 0
changkun.de/wallfacer/internal/handler/stream.go:109.3,109.18 1 1
changkun.de/wallfacer/internal/handler/stream.go:112.2,112.6 1 1
changkun.de/wallfacer/internal/handler/stream.go:112.6,113.10 1 1
changkun.de/wallfacer/internal/handler/stream.go:114.29,115.10 1 1
changkun.de/wallfacer/internal/handler/stream.go:116.26,117.11 1 1
changkun.de/wallfacer/internal/handler/stream.go:117.11,119.5 1 0
changkun.de/wallfacer/internal/handler/stream.go:121.4,121.31 1 1
changkun.de/wallfacer/internal/handler/stream.go:121.31,122.13 1 0
changkun.de/wallfacer/internal/handler/stream.go:124.4,125.18 2 1
changkun.de/wallfacer/internal/handler/stream.go:125.18,126.13 1 0
changkun.de/wallfacer/internal/handler/stream.go:128.4,129.110 2 1
changkun.de/wallfacer/internal/handler/stream.go:129.110,131.5 1 0
changkun.de/wallfacer/internal/handler/stream.go:132.4,132.19 1 1
changkun.de/wallfacer/internal/handler/stream.go:138.47,139.15 1 1
changkun.de/wallfacer/internal/handler/stream.go:139.15,141.3 1 1
changkun.de/wallfacer/internal/handler/stream.go:142.2,142.23 1 1
changkun.de/wallfacer/internal/handler/stream.go:146.61,147.15 1 1
changkun.de/wallfacer/internal/handler/stream.go:147.15,149.3 1 1
changkun.de/wallfacer/internal/handler/stream.go:150.2,150.29 1 1
changkun.de/wallfacer/internal/handler/stream.go:157.84,159.16 2 1
changkun.de/wallfacer/internal/handler/stream.go:159.16,162.3 2 1
changkun.de/wallfacer/internal/handler/stream.go:166.2,166.42 1 1
changkun.de/wallfacer/internal/handler/stream.go:166.42,169.3 2 1
changkun.de/wallfacer/internal/handler/stream.go:174.2,174.132 1 1
changkun.de/wallfacer/internal/handler/stream.go:174.132,177.3 2 1
changkun.de/wallfacer/internal/handler/stream.go:179.2,179.92 1 1
changkun.de/wallfacer/internal/handler/stream.go:179.92,183.3 2 1
changkun.de/wallfacer/internal/handler/stream.go:185.2,186.9 2 1
changkun.de/wallfacer/internal/handler/stream.go:186.9,189.3 2 1
changkun.de/wallfacer/internal/handler/stream.go:196.2,197.25 2 1
changkun.de/wallfacer/internal/handler/stream.go:197.25,200.3 2 1
changkun.de/wallfacer/internal/handler/stream.go:201.2,208.36 5 1
changkun.de/wallfacer/internal/handler/stream.go:208.36,213.3 4 1
changkun.de/wallfacer/internal/handler/stream.go:216.2,216.12 1 1
changkun.de/wallfacer/internal/handler/stream.go:216.12,217.36 1 1
changkun.de/wallfacer/internal/handler/stream.go:217.36,219.4 1 1
changkun.de/wallfacer/internal/handler/stream.go:220.3,220.13 1 1
changkun.de/wallfacer/internal/handler/stream.go:223.2,232.12 8 1
changkun.de/wallfacer/internal/handler/stream.go:232.12,235.22 3 1
changkun.de/wallfacer/internal/handler/stream.go:235.22,237.4 1 1
changkun.de/wallfacer/internal/handler/stream.go:238.3,238.39 1 1
changkun.de/wallfacer/internal/handler/stream.go:238.39,240.4 1 1
changkun.de/wallfacer/internal/handler/stream.go:243.2,246.6 3 1
changkun.de/wallfacer/internal/handler/stream.go:246.6,247.10 1 1
changkun.de/wallfacer/internal/handler/stream.go:248.29,250.10 2 1
changkun.de/wallfacer/internal/handler/stream.go:251.28,252.11 1 1
changkun.de/wallfacer/internal/handler/stream.go:252.11,254.5 1 1
changkun.de/wallfacer/internal/handler/stream.go:255.4,255.58 1 1
changkun.de/wallfacer/internal/handler/stream.go:255.58,258.5 2 0
changkun.de/wallfacer/internal/handler/stream.go:259.4,259.19 1 1
changkun.de/wallfacer/internal/handler/stream.go:260.22,261.51 1 0
changkun.de/wallfacer/internal/handler/stream.go:261.51,264.5 2 0
changkun.de/wallfacer/internal/handler/stream.go:265.4,265.19 1 0
changkun.de/wallfacer/internal/handler/stream.go:273.90,275.25 2 1
changkun.de/wallfacer/internal/handler/stream.go:275.25,278.3 2 1
changkun.de/wallfacer/internal/handler/stream.go:280.2,281.9 2 1
changkun.de/wallfacer/internal/handler/stream.go:281.9,284.3 2 1
changkun.de/wallfacer/internal/handler/stream.go:286.2,296.36 6 1
changkun.de/wallfacer/internal/handler/stream.go:296.36,303.3 6 1
changkun.de/wallfacer/internal/handler/stream.go:305.2,305.12 1 1
changkun.de/wallfacer/internal/handler/stream.go:305.12,309.3 2 1
changkun.de/wallfacer/internal/handler/stream.go:310.2,310.12 1 1
changkun.de/wallfacer/internal/handler/stream.go:310.12,311.36 1 1
[...]
changkun.de/wallfacer/internal/handler/tasks_autopilot.go:652.18,654.5 1 0
changkun.de/wallfacer/internal/handler/tasks_autopilot.go:655.4,656.38 2 1
changkun.de/wallfacer/internal/handler/tasks_autopilot.go:656.38,657.20 1 1
changkun.de/wallfacer/internal/handler/tasks_autopilot.go:657.20,659.6 1 0
changkun.de/wallfacer/internal/handler/tasks_autopilot.go:662.4,665.33 3 1
changkun.de/wallfacer/internal/handler/tasks_autopilot.go:665.33,666.39 1 1
changkun.de/wallfacer/internal/handler/tasks_autopilot.go:666.39,670.11 3 1
changkun.de/wallfacer/internal/handler/tasks_autopilot.go:674.5,675.95 2 1
changkun.de/wallfacer/internal/handler/tasks_autopilot.go:675.95,676.14 1 0
changkun.de/wallfacer/internal/handler/tasks_autopilot.go:678.5,678.73 1 1
changkun.de/wallfacer/internal/handler/tasks_autopilot.go:678.73,679.14 1 0
changkun.de/wallfacer/internal/handler/tasks_autopilot.go:682.5,684.79 2 1
changkun.de/wallfacer/internal/handler/tasks_autopilot.go:684.79,687.14 3 1
changkun.de/wallfacer/internal/handler/tasks_autopilot.go:689.5,689.96 1 1
changkun.de/wallfacer/internal/handler/tasks_autopilot.go:689.96,692.14 3 0
changkun.de/wallfacer/internal/handler/tasks_autopilot.go:694.5,703.50 6 1
changkun.de/wallfacer/internal/handler/tasks_autopilot.go:706.4,706.41 1 1
changkun.de/wallfacer/internal/handler/tasks_autopilot.go:706.41,708.5 1 1
changkun.de/wallfacer/internal/handler/tasks_autopilot.go:709.4,709.25 1 1
changkun.de/wallfacer/internal/handler/tasks_autopilot.go:721.59,724.12 3 1
changkun.de/wallfacer/internal/handler/tasks_autopilot.go:724.12,727.7 3 1
changkun.de/wallfacer/internal/handler/tasks_autopilot.go:727.7,728.11 1 1
changkun.de/wallfacer/internal/handler/tasks_autopilot.go:729.22,730.11 1 1
changkun.de/wallfacer/internal/handler/tasks_autopilot.go:731.14,732.25 1 0
changkun.de/wallfacer/internal/handler/tasks_autopilot.go:733.20,734.25 1 0
changkun.de/wallfacer/internal/handler/tasks_autopilot.go:760.54,761.28 1 1
changkun.de/wallfacer/internal/handler/tasks_autopilot.go:761.28,763.3 1 1
changkun.de/wallfacer/internal/handler/tasks_autopilot.go:764.2,764.40 1 1
changkun.de/wallfacer/internal/handler/tasks_autopilot.go:764.40,766.3 1 0
changkun.de/wallfacer/internal/handler/tasks_autopilot.go:769.2,773.34 2 1
changkun.de/wallfacer/internal/handler/tasks_autopilot.go:773.34,775.4 1 0
changkun.de/wallfacer/internal/handler/tasks_autopilot.go:776.45,778.4 1 0
changkun.de/wallfacer/internal/handler/tasks_autopilot.go:779.58,781.18 2 1
changkun.de/wallfacer/internal/handler/tasks_autopilot.go:781.18,783.5 1 0
changkun.de/wallfacer/internal/handler/tasks_autopilot.go:785.4,785.25 1 1
changkun.de/wallfacer/internal/handler/tasks_autopilot.go:785.25,787.44 2 1
changkun.de/wallfacer/internal/handler/tasks_autopilot.go:787.44,788.14 1 1
changkun.de/wallfacer/internal/handler/tasks_autopilot.go:795.5,797.38 3 1
changkun.de/wallfacer/internal/handler/tasks_autopilot.go:797.38,798.14 1 1
changkun.de/wallfacer/internal/handler/tasks_autopilot.go:801.5,801.20 1 1
changkun.de/wallfacer/internal/handler/tasks_autopilot.go:801.20,802.14 1 1
changkun.de/wallfacer/internal/handler/tasks_autopilot.go:804.5,804.70 1 1
changkun.de/wallfacer/internal/handler/tasks_autopilot.go:804.70,805.14 1 1
changkun.de/wallfacer/internal/handler/tasks_autopilot.go:809.5,810.57 2 1
changkun.de/wallfacer/internal/handler/tasks_autopilot.go:810.57,812.20 2 1
changkun.de/wallfacer/internal/handler/tasks_autopilot.go:812.20,816.12 3 0
changkun.de/wallfacer/internal/handler/tasks_autopilot.go:818.6,818.15 1 1
changkun.de/wallfacer/internal/handler/tasks_autopilot.go:818.15,820.12 2 1
changkun.de/wallfacer/internal/handler/tasks_autopilot.go:822.6,823.20 2 1
changkun.de/wallfacer/internal/handler/tasks_autopilot.go:823.20,827.12 3 0
changkun.de/wallfacer/internal/handler/tasks_autopilot.go:829.6,829.21 1 1
changkun.de/wallfacer/internal/handler/tasks_autopilot.go:829.21,832.12 3 0
changkun.de/wallfacer/internal/handler/tasks_autopilot.go:835.5,835.13 1 1
changkun.de/wallfacer/internal/handler/tasks_autopilot.go:835.13,836.14 1 1
changkun.de/wallfacer/internal/handler/tasks_autopilot.go:839.5,839.105 1 1
changkun.de/wallfacer/internal/handler/tasks_autopilot.go:842.4,842.28 1 1
changkun.de/wallfacer/internal/handler/tasks_autopilot.go:842.28,844.5 1 1
changkun.de/wallfacer/internal/handler/tasks_autopilot.go:845.4,846.21 2 1
changkun.de/wallfacer/internal/handler/tasks_autopilot.go:848.66,850.33 2 1
changkun.de/wallfacer/internal/handler/tasks_autopilot.go:850.33,852.71 2 1
changkun.de/wallfacer/internal/handler/tasks_autopilot.go:852.71,853.14 1 0
changkun.de/wallfacer/internal/handler/tasks_autopilot.go:855.5,857.28 3 1
changkun.de/wallfacer/internal/handler/tasks_autopilot.go:857.28,859.6 1 0
changkun.de/wallfacer/internal/handler/tasks_autopilot.go:860.5,864.49 2 1
changkun.de/wallfacer/internal/handler/tasks_autopilot.go:864.49,865.92 1 1
changkun.de/wallfacer/internal/handler/tasks_autopilot.go:865.92,868.15 3 0
changkun.de/wallfacer/internal/handler/tasks_autopilot.go:870.6,872.104 2 1
changkun.de/wallfacer/internal/handler/tasks_autopilot.go:873.11,876.91 1 1
changkun.de/wallfacer/internal/handler/tasks_autopilot.go:876.91,879.15 3 0
changkun.de/wallfacer/internal/handler/tasks_autopilot.go:881.6,882.109 1 1
changkun.de/wallfacer/internal/handler/tasks_autopilot.go:884.5,885.56 2 1
changkun.de/wallfacer/internal/handler/tasks_autopilot.go:887.4,887.43 1 1
changkun.de/wallfacer/internal/handler/tasks_autopilot.go:887.43,889.5 1 1
changkun.de/wallfacer/internal/handler/tasks_autopilot.go:890.4,890.25 1 1
changkun.de/wallfacer/internal/handler/tasks_autopilot.go:900.57,903.12 3 1
changkun.de/wallfacer/internal/handler/tasks_autopilot.go:903.12,906.7 3 1
changkun.de/wallfacer/internal/handler/tasks_autopilot.go:906.7,907.11 1 1
changkun.de/wallfacer/internal/handler/tasks_autopilot.go:908.22,909.11 1 1
changkun.de/wallfacer/internal/handler/tasks_autopilot.go:910.14,911.25 1 0
changkun.de/wallfacer/internal/handler/tasks_autopilot.go:912.20,913.25 1 0
changkun.de/wallfacer/internal/handler/tasks_autopilot.go:922.54,923.28 1 1
changkun.de/wallfacer/internal/handler/tasks_autopilot.go:923.28,925.3 1 1
changkun.de/wallfacer/internal/handler/tasks_autopilot.go:926.2,926.40 1 1
changkun.de/wallfacer/internal/handler/tasks_autopilot.go:926.40,928.3 1 0
changkun.de/wallfacer/internal/handler/tasks_autopilot.go:930.2,931.16 2 1
changkun.de/wallfacer/internal/handler/tasks_autopilot.go:931.16,933.3 1 0
changkun.de/wallfacer/internal/handler/tasks_autopilot.go:935.2,935.30 1 1
changkun.de/wallfacer/internal/handler/tasks_autopilot.go:935.30,938.40 2 1
changkun.de/wallfacer/internal/handler/tasks_autopilot.go:938.40,939.12 1 0
changkun.de/wallfacer/internal/handler/tasks_autopilot.go:942.3,942.33 1 1
changkun.de/wallfacer/internal/handler/tasks_autopilot.go:942.33,943.12 1 0
changkun.de/wallfacer/internal/handler/tasks_autopilot.go:945.3,945.32 1 1
changkun.de/wallfacer/internal/handler/tasks_autopilot.go:945.32,946.12 1 1
changkun.de/wallfacer/internal/handler/tasks_autopilot.go:949.3,957.74 3 1
changkun.de/wallfacer/internal/handler/tasks_autopilot.go:957.74,958.12 1 0
changkun.de/wallfacer/internal/handler/tasks_autopilot.go:961.3,969.9 5 1
changkun.de/wallfacer/internal/handler/tasks_events.go:16.72,18.16 2 1
changkun.de/wallfacer/internal/handler/tasks_events.go:18.16,21.3 2 1
changkun.de/wallfacer/internal/handler/tasks_events.go:22.2,23.16 2 1
changkun.de/wallfacer/internal/handler/tasks_events.go:23.16,26.3 2 0
changkun.de/wallfacer/internal/handler/tasks_events.go:27.2,27.38 1 1
changkun.de/wallfacer/internal/handler/tasks_events.go:62.83,66.14 3 1
changkun.de/wallfacer/internal/handler/tasks_events.go:66.14,69.17 2 1
changkun.de/wallfacer/internal/handler/tasks_events.go:69.17,72.4 2 0
changkun.de/wallfacer/internal/handler/tasks_events.go:73.3,73.20 1 1
changkun.de/wallfacer/internal/handler/tasks_events.go:73.20,75.4 1 0
changkun.de/wallfacer/internal/handler/tasks_events.go:76.3,77.9 2 1
changkun.de/wallfacer/internal/handler/tasks_events.go:81.2,82.34 2 1
changkun.de/wallfacer/internal/handler/tasks_events.go:82.34,84.26 2 1
changkun.de/wallfacer/internal/handler/tasks_events.go:84.26,87.4 2 1
changkun.de/wallfacer/internal/handler/tasks_events.go:88.3,88.14 1 1
changkun.de/wallfacer/internal/handler/tasks_events.go:91.2,92.34 2 1
changkun.de/wallfacer/internal/handler/tasks_events.go:92.34,94.26 2 1
changkun.de/wallfacer/internal/handler/tasks_events.go:94.26,97.4 2 1
changkun.de/wallfacer/internal/handler/tasks_events.go:98.3,98.15 1 1
changkun.de/wallfacer/internal/handler/tasks_events.go:98.15,100.4 1 1
changkun.de/wallfacer/internal/handler/tasks_events.go:101.3,101.12 1 1
changkun.de/wallfacer/internal/handler/tasks_events.go:104.2,105.34 2 1
changkun.de/wallfacer/internal/handler/tasks_events.go:105.34,107.45 2 1
changkun.de/wallfacer/internal/handler/tasks_events.go:107.45,109.15 2 1
changkun.de/wallfacer/internal/handler/tasks_events.go:109.15,110.13 1 0
changkun.de/wallfacer/internal/handler/tasks_events.go:112.4,113.11 2 1
changkun.de/wallfacer/internal/handler/tasks_events.go:113.11,116.5 2 1
changkun.de/wallfacer/internal/handler/tasks_events.go:117.4,117.28 1 1
changkun.de/wallfacer/internal/handler/tasks_events.go:119.3,119.24 1 1
changkun.de/wallfacer/internal/handler/tasks_events.go:119.24,121.4 1 0
changkun.de/wallfacer/internal/handler/tasks_events.go:124.2,125.16 2 1
changkun.de/wallfacer/internal/handler/tasks_events.go:125.16,128.3 2 0
changkun.de/wallfacer/internal/handler/tasks_events.go:130.2,131.19 2 1
changkun.de/wallfacer/internal/handler/tasks_events.go:131.19,133.3 1 1
changkun.de/wallfacer/internal/handler/tasks_events.go:134.2,139.4 1 1
changkun.de/wallfacer/internal/handler/tasks_events.go:143.102,145.73 1 1
changkun.de/wallfacer/internal/handler/tasks_events.go:145.73,148.3 2 1
changkun.de/wallfacer/internal/handler/tasks_events.go:150.2,152.16 3 1
changkun.de/wallfacer/internal/handler/tasks_events.go:152.16,155.3 2 1
changkun.de/wallfacer/internal/handler/tasks_events.go:160.2,160.19 1 1
changkun.de/wallfacer/internal/handler/tasks_events.go:160.19,162.27 2 1
changkun.de/wallfacer/internal/handler/tasks_events.go:162.27,164.4 1 1
changkun.de/wallfacer/internal/handler/tasks_events.go:165.3,165.44 1 1
changkun.de/wallfacer/internal/handler/tasks_events.go:165.44,167.65 2 1
changkun.de/wallfacer/internal/handler/tasks_events.go:167.65,168.59 1 1
changkun.de/wallfacer/internal/handler/tasks_events.go:168.59,170.6 1 0
changkun.de/wallfacer/internal/handler/tasks_events.go:172.4,172.13 1 1
changkun.de/wallfacer/internal/handler/tasks_events.go:176.2,176.42 1 1
changkun.de/wallfacer/internal/handler/tasks_events.go:176.42,178.3 1 1
changkun.de/wallfacer/internal/handler/tasks_events.go:178.8,178.55 1 0
changkun.de/wallfacer/internal/handler/tasks_events.go:178.55,180.3 1 0
changkun.de/wallfacer/internal/handler/tasks_events.go:180.8,182.3 1 0
changkun.de/wallfacer/internal/handler/tasks_events.go:183.2,183.28 1 1
changkun.de/wallfacer/internal/handler/tasks_events.go:189.88,194.33 2 1
changkun.de/wallfacer/internal/handler/tasks_events.go:194.33,196.3 1 1
changkun.de/wallfacer/internal/handler/tasks_events.go:197.2,197.41 1 1
changkun.de/wallfacer/internal/handler/tasks_events.go:197.41,200.3 2 1
changkun.de/wallfacer/internal/handler/tasks_events.go:202.2,203.16 2 1
changkun.de/wallfacer/internal/handler/tasks_events.go:203.16,206.3 2 1
changkun.de/wallfacer/internal/handler/tasks_events.go:207.2,209.43 1 1
changkun.de/wallfacer/internal/handler/tasks_events.go:209.43,212.3 2 1
changkun.de/wallfacer/internal/handler/tasks_events.go:213.2,213.36 1 1
changkun.de/wallfacer/internal/handler/tasks_events.go:213.36,216.3 2 0
changkun.de/wallfacer/internal/handler/tasks_events.go:218.2,219.18 2 1
changkun.de/wallfacer/internal/handler/tasks_events.go:219.18,221.3 1 0
changkun.de/wallfacer/internal/handler/tasks_events.go:223.2,224.16 2 1
changkun.de/wallfacer/internal/handler/tasks_events.go:224.16,227.3 2 0
changkun.de/wallfacer/internal/handler/tasks_events.go:229.2,229.73 1 1
changkun.de/wallfacer/internal/handler/tasks_events.go:229.73,234.3 3 0
changkun.de/wallfacer/internal/handler/tasks_events.go:236.2,243.16 4 1
changkun.de/wallfacer/internal/handler/tasks_events.go:243.16,246.3 2 0
changkun.de/wallfacer/internal/handler/tasks_events.go:247.2,247.43 1 1
changkun.de/wallfacer/internal/handler/tasks_events.go:251.81,253.46 2 1
changkun.de/wallfacer/internal/handler/tasks_events.go:253.46,254.54 1 1
changkun.de/wallfacer/internal/handler/tasks_events.go:254.54,256.4 1 1
changkun.de/wallfacer/internal/handler/tasks_events.go:259.2,260.16 2 1
changkun.de/wallfacer/internal/handler/tasks_events.go:260.16,263.3 2 0
changkun.de/wallfacer/internal/handler/tasks_events.go:265.2,266.26 2 1
changkun.de/wallfacer/internal/handler/tasks_events.go:266.26,267.20 1 1
changkun.de/wallfacer/internal/handler/tasks_events.go:267.20,269.4 1 1
changkun.de/wallfacer/internal/handler/tasks_events.go:272.2,273.40 2 1
changkun.de/wallfacer/internal/handler/tasks_events.go:273.40,275.3 1 1
changkun.de/wallfacer/internal/handler/tasks_events.go:277.2,278.29 2 1
changkun.de/wallfacer/internal/handler/tasks_events.go:278.29,281.3 2 1
changkun.de/wallfacer/internal/handler/tasks_events.go:283.2,287.4 1 1
changkun.de/wallfacer/internal/handler/templates.go:27.42,29.2 1 1
changkun.de/wallfacer/internal/handler/templates.go:31.61,33.36 2 1
changkun.de/wallfacer/internal/handler/templates.go:33.36,35.3 1 1
changkun.de/wallfacer/internal/handler/templates.go:36.2,36.16 1 1
changkun.de/wallfacer/internal/handler/templates.go:36.16,38.3 1 0
changkun.de/wallfacer/internal/handler/templates.go:39.2,40.57 2 1
changkun.de/wallfacer/internal/handler/templates.go:40.57,42.3 1 0
changkun.de/wallfacer/internal/handler/templates.go:43.2,43.23 1 1
changkun.de/wallfacer/internal/handler/templates.go:46.67,49.16 3 1
changkun.de/wallfacer/internal/handler/templates.go:49.16,51.3 1 0
changkun.de/wallfacer/internal/handler/templates.go:52.2,53.53 2 1
changkun.de/wallfacer/internal/handler/templates.go:53.53,55.3 1 0
changkun.de/wallfacer/internal/handler/templates.go:56.2,56.29 1 1
changkun.de/wallfacer/internal/handler/templates.go:61.73,65.16 4 1
changkun.de/wallfacer/internal/handler/templates.go:65.16,68.3 2 0
changkun.de/wallfacer/internal/handler/templates.go:69.2,69.44 1 1
changkun.de/wallfacer/internal/handler/templates.go:69.44,71.3 1 1
changkun.de/wallfacer/internal/handler/templates.go:72.2,72.40 1 1
changkun.de/wallfacer/internal/handler/templates.go:77.74,82.33 2 1
changkun.de/wallfacer/internal/handler/templates.go:82.33,84.3 1 1
changkun.de/wallfacer/internal/handler/templates.go:85.2,85.38 1 1
changkun.de/wallfacer/internal/handler/templates.go:85.38,88.3 2 1
changkun.de/wallfacer/internal/handler/templates.go:89.2,100.16 5 1
changkun.de/wallfacer/internal/handler/templates.go:100.16,103.3 2 0
changkun.de/wallfacer/internal/handler/templates.go:104.2,105.51 2 1
changkun.de/wallfacer/internal/handler/templates.go:105.51,108.3 2 0
changkun.de/wallfacer/internal/handler/templates.go:109.2,109.40 1 1
changkun.de/wallfacer/internal/handler/templates.go:114.74,121.16 5 1
changkun.de/wallfacer/internal/handler/templates.go:121.16,124.3 2 0
changkun.de/wallfacer/internal/handler/templates.go:126.2,127.30 2 1
changkun.de/wallfacer/internal/handler/templates.go:127.30,128.17 1 1
changkun.de/wallfacer/internal/handler/templates.go:128.17,130.9 2 1
changkun.de/wallfacer/internal/handler/templates.go:133.2,133.15 1 1
changkun.de/wallfacer/internal/handler/templates.go:133.15,136.3 2 1
changkun.de/wallfacer/internal/handler/templates.go:138.2,139.51 2 1
changkun.de/wallfacer/internal/handler/templates.go:139.51,142.3 2 0
changkun.de/wallfacer/internal/handler/templates.go:143.2,143.37 1 1
changkun.de/wallfacer/internal/handler/usage.go:20.58,26.2 5 1
changkun.de/wallfacer/internal/handler/usage.go:30.73,33.19 3 1
changkun.de/wallfacer/internal/handler/usage.go:33.19,34.50 1 1
changkun.de/wallfacer/internal/handler/usage.go:34.50,36.4 1 1
changkun.de/wallfacer/internal/handler/usage.go:39.2,40.16 2 1
changkun.de/wallfacer/internal/handler/usage.go:40.16,43.3 2 0
changkun.de/wallfacer/internal/handler/usage.go:45.2,46.14 2 1
changkun.de/wallfacer/internal/handler/usage.go:46.14,48.3 1 1
changkun.de/wallfacer/internal/handler/usage.go:50.2,56.26 2 1
changkun.de/wallfacer/internal/handler/usage.go:56.26,57.45 1 1
changkun.de/wallfacer/internal/handler/usage.go:57.45,58.12 1 0
changkun.de/wallfacer/internal/handler/usage.go:60.3,68.42 6 1
changkun.de/wallfacer/internal/handler/usage.go:68.42,72.4 3 1
changkun.de/wallfacer/internal/handler/usage.go:75.2,75.35 1 1
changkun.de/wallfacer/internal/handler/watcher.go:38.82,40.16 2 1
changkun.de/wallfacer/internal/handler/watcher.go:40.16,42.31 2 1
changkun.de/wallfacer/internal/handler/watcher.go:42.31,44.4 1 1
changkun.de/wallfacer/internal/handler/watcher.go:45.3,45.9 1 1
changkun.de/wallfacer/internal/handler/watcher.go:47.2,47.22 1 1
changkun.de/wallfacer/internal/handler/watcher.go:47.22,49.3 1 1
changkun.de/wallfacer/internal/handler/watcher.go:51.2,51.28 1 1
changkun.de/wallfacer/internal/handler/watcher.go:51.28,53.3 1 1
changkun.de/wallfacer/internal/handler/watcher.go:55.2,55.15 1 1
changkun.de/wallfacer/internal/handler/watcher.go:55.15,58.3 2 1
changkun.de/wallfacer/internal/handler/watcher.go:60.2,61.16 2 1
changkun.de/wallfacer/internal/handler/watcher.go:61.16,64.3 2 1
changkun.de/wallfacer/internal/handler/watcher.go:65.2,65.9 1 1
changkun.de/wallfacer/internal/handler/watcher.go:65.9,68.30 2 1
changkun.de/wallfacer/internal/handler/watcher.go:68.30,70.4 1 1
changkun.de/wallfacer/internal/handler/workspace.go:21.76,24.16 3 1
changkun.de/wallfacer/internal/handler/workspace.go:24.16,27.3 2 0
changkun.de/wallfacer/internal/handler/workspace.go:28.2,28.27 1 1
changkun.de/wallfacer/internal/handler/workspace.go:28.27,31.3 2 1
changkun.de/wallfacer/internal/handler/workspace.go:32.2,34.33 3 1
changkun.de/wallfacer/internal/handler/workspace.go:34.33,37.3 2 1
changkun.de/wallfacer/internal/handler/workspace.go:38.2,39.16 2 1
changkun.de/wallfacer/internal/handler/workspace.go:39.16,42.3 2 0
changkun.de/wallfacer/internal/handler/workspace.go:43.2,44.32 2 1
changkun.de/wallfacer/internal/handler/workspace.go:44.32,45.21 1 1
changkun.de/wallfacer/internal/handler/workspace.go:45.21,46.12 1 1
changkun.de/wallfacer/internal/handler/workspace.go:48.3,48.61 1 1
changkun.de/wallfacer/internal/handler/workspace.go:48.61,49.12 1 1
changkun.de/wallfacer/internal/handler/workspace.go:51.3,56.5 2 1
changkun.de/wallfacer/internal/handler/workspace.go:58.2,58.60 1 1
changkun.de/wallfacer/internal/handler/workspace.go:58.60,60.3 1 1
changkun.de/wallfacer/internal/handler/workspace.go:61.2,64.4 1 1
changkun.de/wallfacer/internal/handler/workspace.go:67.76,71.33 2 1
changkun.de/wallfacer/internal/handler/workspace.go:71.33,73.3 1 0
changkun.de/wallfacer/internal/handler/workspace.go:74.2,74.47 1 1
changkun.de/wallfacer/internal/handler/workspace.go:74.47,76.17 2 1
changkun.de/wallfacer/internal/handler/workspace.go:76.17,79.4 2 0
changkun.de/wallfacer/internal/handler/workspace.go:80.3,80.30 1 1
changkun.de/wallfacer/internal/handler/workspace.go:80.30,81.94 1 1
changkun.de/wallfacer/internal/handler/workspace.go:81.94,84.5 2 1
changkun.de/wallfacer/internal/handler/workspace.go:88.2,89.16 2 1
changkun.de/wallfacer/internal/handler/workspace.go:89.16,92.3 2 1
changkun.de/wallfacer/internal/handler/workspace.go:95.2,95.23 1 1
changkun.de/wallfacer/internal/handler/workspace.go:95.23,97.3 1 1
changkun.de/wallfacer/internal/handler/workspace.go:98.2,99.21 2 1
changkun.de/wallfacer/internal/handler/workspace.go:99.21,100.60 1 1
changkun.de/wallfacer/internal/handler/workspace.go:100.60,102.4 1 1
changkun.de/wallfacer/internal/handler/workspace.go:104.2,104.70 1 1
